CRITICAL - 2020-05-05 05:12:51 --> Undefined variable: validation
#0 /opt/lampp/htdocs/crudci4/app/Views/createform.php(12): CodeIgniter\Debug\Exceptions->errorHandler(8, 'Undefined varia...', '/opt/lampp/htdo...', 12, Array)
#1 /opt/lampp/htdocs/crudci4/system/View/View.php(246): include('/opt/lampp/htdo...')
#2 /opt/lampp/htdocs/crudci4/system/Common.php(1087): CodeIgniter\View\View->render('createform', Array, true)
#3 /opt/lampp/htdocs/crudci4/app/Controllers/Crudprint.php(34): view('createform')
#4 /opt/lampp/htdocs/crudci4/system/CodeIgniter.php(914): App\Controllers\Crudprint->createform()
#5 /opt/lampp/htdocs/crudci4/system/CodeIgniter.php(400): CodeIgniter\CodeIgniter->runController(Object(App\Controllers\Crudprint))
#6 /opt/lampp/htdocs/crudci4/system/CodeIgniter.php(308): CodeIgniter\CodeIgniter->handleRequest(NULL, Object(Config\Cache), false)
#7 /opt/lampp/htdocs/crudci4/public/index.php(45): CodeIgniter\CodeIgniter->run()
#8 /opt/lampp/htdocs/crudci4/system/Commands/Server/rewrite.php(34): require_once('/opt/lampp/htdo...')
#9 {main}
CRITICAL - 2020-05-05 05:24:06 --> Call to a member function paginate() on array
#0 /opt/lampp/htdocs/crudci4/system/CodeIgniter.php(914): App\Controllers\Crudprint->index()
#1 /opt/lampp/htdocs/crudci4/system/CodeIgniter.php(400): CodeIgniter\CodeIgniter->runController(Object(App\Controllers\Crudprint))
#2 /opt/lampp/htdocs/crudci4/system/CodeIgniter.php(308): CodeIgniter\CodeIgniter->handleRequest(NULL, Object(Config\Cache), false)
#3 /opt/lampp/htdocs/crudci4/public/index.php(45): CodeIgniter\CodeIgniter->run()
#4 /opt/lampp/htdocs/crudci4/system/Commands/Server/rewrite.php(34): require_once('/opt/lampp/htdo...')
#5 {main}
CRITICAL - 2020-05-05 05:25:10 --> Call to a member function paginate() on array
#0 /opt/lampp/htdocs/crudci4/system/CodeIgniter.php(914): App\Controllers\Crudprint->index()
#1 /opt/lampp/htdocs/crudci4/system/CodeIgniter.php(400): CodeIgniter\CodeIgniter->runController(Object(App\Controllers\Crudprint))
#2 /opt/lampp/htdocs/crudci4/system/CodeIgniter.php(308): CodeIgniter\CodeIgniter->handleRequest(NULL, Object(Config\Cache), false)
#3 /opt/lampp/htdocs/crudci4/public/index.php(45): CodeIgniter\CodeIgniter->run()
#4 /opt/lampp/htdocs/crudci4/system/Commands/Server/rewrite.php(34): require_once('/opt/lampp/htdo...')
#5 {main}
CRITICAL - 2020-05-05 05:25:41 --> Undefined variable: pager
#0 /opt/lampp/htdocs/crudci4/app/Views/index.php(48): CodeIgniter\Debug\Exceptions->errorHandler(8, 'Undefined varia...', '/opt/lampp/htdo...', 48, Array)
#1 /opt/lampp/htdocs/crudci4/system/View/View.php(246): include('/opt/lampp/htdo...')
#2 /opt/lampp/htdocs/crudci4/system/Common.php(1087): CodeIgniter\View\View->render('index', Array, true)
#3 /opt/lampp/htdocs/crudci4/app/Controllers/Crudprint.php(23): view('index', Array)
#4 /opt/lampp/htdocs/crudci4/system/CodeIgniter.php(914): App\Controllers\Crudprint->index()
#5 /opt/lampp/htdocs/crudci4/system/CodeIgniter.php(400): CodeIgniter\CodeIgniter->runController(Object(App\Controllers\Crudprint))
#6 /opt/lampp/htdocs/crudci4/system/CodeIgniter.php(308): CodeIgniter\CodeIgniter->handleRequest(NULL, Object(Config\Cache), false)
#7 /opt/lampp/htdocs/crudci4/public/index.php(45): CodeIgniter\CodeIgniter->run()
#8 /opt/lampp/htdocs/crudci4/system/Commands/Server/rewrite.php(34): require_once('/opt/lampp/htdo...')
#9 {main}
CRITICAL - 2020-05-05 06:13:55 --> Call to a member function paginate() on array
#0 /opt/lampp/htdocs/crudci4/system/CodeIgniter.php(914): App\Controllers\Crudprint->index()
#1 /opt/lampp/htdocs/crudci4/system/CodeIgniter.php(400): CodeIgniter\CodeIgniter->runController(Object(App\Controllers\Crudprint))
#2 /opt/lampp/htdocs/crudci4/system/CodeIgniter.php(308): CodeIgniter\CodeIgniter->handleRequest(NULL, Object(Config\Cache), false)
#3 /opt/lampp/htdocs/crudci4/public/index.php(45): CodeIgniter\CodeIgniter->run()
#4 /opt/lampp/htdocs/crudci4/system/Commands/Server/rewrite.php(34): require_once('/opt/lampp/htdo...')
#5 {main}
CRITICAL - 2020-05-05 06:15:25 --> Object of class App\Models\CrudprintModel could not be converted to string
#0 /opt/lampp/htdocs/crudci4/app/Controllers/Crudprint.php(18): CodeIgniter\Debug\Exceptions->errorHandler(4096, 'Object of class...', '/opt/lampp/htdo...', 18, Array)
#1 /opt/lampp/htdocs/crudci4/system/CodeIgniter.php(914): App\Controllers\Crudprint->index()
#2 /opt/lampp/htdocs/crudci4/system/CodeIgniter.php(400): CodeIgniter\CodeIgniter->runController(Object(App\Controllers\Crudprint))
#3 /opt/lampp/htdocs/crudci4/system/CodeIgniter.php(308): CodeIgniter\CodeIgniter->handleRequest(NULL, Object(Config\Cache), false)
#4 /opt/lampp/htdocs/crudci4/public/index.php(45): CodeIgniter\CodeIgniter->run()
#5 /opt/lampp/htdocs/crudci4/system/Commands/Server/rewrite.php(34): require_once('/opt/lampp/htdo...')
#6 {main}
CRITICAL - 2020-05-05 06:15:46 --> Object of class App\Models\CrudprintModel could not be converted to string
#0 /opt/lampp/htdocs/crudci4/app/Controllers/Crudprint.php(18): CodeIgniter\Debug\Exceptions->errorHandler(4096, 'Object of class...', '/opt/lampp/htdo...', 18, Array)
#1 /opt/lampp/htdocs/crudci4/system/CodeIgniter.php(914): App\Controllers\Crudprint->index()
#2 /opt/lampp/htdocs/crudci4/system/CodeIgniter.php(400): CodeIgniter\CodeIgniter->runController(Object(App\Controllers\Crudprint))
#3 /opt/lampp/htdocs/crudci4/system/CodeIgniter.php(308): CodeIgniter\CodeIgniter->handleRequest(NULL, Object(Config\Cache), false)
#4 /opt/lampp/htdocs/crudci4/public/index.php(45): CodeIgniter\CodeIgniter->run()
#5 /opt/lampp/htdocs/crudci4/system/Commands/Server/rewrite.php(34): require_once('/opt/lampp/htdo...')
#6 {main}
CRITICAL - 2020-05-05 06:15:47 --> Object of class App\Models\CrudprintModel could not be converted to string
#0 /opt/lampp/htdocs/crudci4/app/Controllers/Crudprint.php(18): CodeIgniter\Debug\Exceptions->errorHandler(4096, 'Object of class...', '/opt/lampp/htdo...', 18, Array)
#1 /opt/lampp/htdocs/crudci4/system/CodeIgniter.php(914): App\Controllers\Crudprint->index()
#2 /opt/lampp/htdocs/crudci4/system/CodeIgniter.php(400): CodeIgniter\CodeIgniter->runController(Object(App\Controllers\Crudprint))
#3 /opt/lampp/htdocs/crudci4/system/CodeIgniter.php(308): CodeIgniter\CodeIgniter->handleRequest(NULL, Object(Config\Cache), false)
#4 /opt/lampp/htdocs/crudci4/public/index.php(45): CodeIgniter\CodeIgniter->run()
#5 /opt/lampp/htdocs/crudci4/system/Commands/Server/rewrite.php(34): require_once('/opt/lampp/htdo...')
#6 {main}
CRITICAL - 2020-05-05 06:15:48 --> Object of class App\Models\CrudprintModel could not be converted to string
#0 /opt/lampp/htdocs/crudci4/app/Controllers/Crudprint.php(18): CodeIgniter\Debug\Exceptions->errorHandler(4096, 'Object of class...', '/opt/lampp/htdo...', 18, Array)
#1 /opt/lampp/htdocs/crudci4/system/CodeIgniter.php(914): App\Controllers\Crudprint->index()
#2 /opt/lampp/htdocs/crudci4/system/CodeIgniter.php(400): CodeIgniter\CodeIgniter->runController(Object(App\Controllers\Crudprint))
#3 /opt/lampp/htdocs/crudci4/system/CodeIgniter.php(308): CodeIgniter\CodeIgniter->handleRequest(NULL, Object(Config\Cache), false)
#4 /opt/lampp/htdocs/crudci4/public/index.php(45): CodeIgniter\CodeIgniter->run()
#5 /opt/lampp/htdocs/crudci4/system/Commands/Server/rewrite.php(34): require_once('/opt/lampp/htdo...')
#6 {main}
CRITICAL - 2020-05-05 06:16:00 --> Array to string conversion
#0 /opt/lampp/htdocs/crudci4/app/Controllers/Crudprint.php(18): CodeIgniter\Debug\Exceptions->errorHandler(8, 'Array to string...', '/opt/lampp/htdo...', 18, Array)
#1 /opt/lampp/htdocs/crudci4/system/CodeIgniter.php(914): App\Controllers\Crudprint->index()
#2 /opt/lampp/htdocs/crudci4/system/CodeIgniter.php(400): CodeIgniter\CodeIgniter->runController(Object(App\Controllers\Crudprint))
#3 /opt/lampp/htdocs/crudci4/system/CodeIgniter.php(308): CodeIgniter\CodeIgniter->handleRequest(NULL, Object(Config\Cache), false)
#4 /opt/lampp/htdocs/crudci4/public/index.php(45): CodeIgniter\CodeIgniter->run()
#5 /opt/lampp/htdocs/crudci4/system/Commands/Server/rewrite.php(34): require_once('/opt/lampp/htdo...')
#6 {main}
CRITICAL - 2020-05-05 06:16:01 --> Array to string conversion
#0 /opt/lampp/htdocs/crudci4/app/Controllers/Crudprint.php(18): CodeIgniter\Debug\Exceptions->errorHandler(8, 'Array to string...', '/opt/lampp/htdo...', 18, Array)
#1 /opt/lampp/htdocs/crudci4/system/CodeIgniter.php(914): App\Controllers\Crudprint->index()
#2 /opt/lampp/htdocs/crudci4/system/CodeIgniter.php(400): CodeIgniter\CodeIgniter->runController(Object(App\Controllers\Crudprint))
#3 /opt/lampp/htdocs/crudci4/system/CodeIgniter.php(308): CodeIgniter\CodeIgniter->handleRequest(NULL, Object(Config\Cache), false)
#4 /opt/lampp/htdocs/crudci4/public/index.php(45): CodeIgniter\CodeIgniter->run()
#5 /opt/lampp/htdocs/crudci4/system/Commands/Server/rewrite.php(34): require_once('/opt/lampp/htdo...')
#6 {main}
CRITICAL - 2020-05-05 06:16:02 --> Array to string conversion
#0 /opt/lampp/htdocs/crudci4/app/Controllers/Crudprint.php(18): CodeIgniter\Debug\Exceptions->errorHandler(8, 'Array to string...', '/opt/lampp/htdo...', 18, Array)
#1 /opt/lampp/htdocs/crudci4/system/CodeIgniter.php(914): App\Controllers\Crudprint->index()
#2 /opt/lampp/htdocs/crudci4/system/CodeIgniter.php(400): CodeIgniter\CodeIgniter->runController(Object(App\Controllers\Crudprint))
#3 /opt/lampp/htdocs/crudci4/system/CodeIgniter.php(308): CodeIgniter\CodeIgniter->handleRequest(NULL, Object(Config\Cache), false)
#4 /opt/lampp/htdocs/crudci4/public/index.php(45): CodeIgniter\CodeIgniter->run()
#5 /opt/lampp/htdocs/crudci4/system/Commands/Server/rewrite.php(34): require_once('/opt/lampp/htdo...')
#6 {main}
CRITICAL - 2020-05-05 06:22:12 --> Invalid file: {0}
#0 /opt/lampp/htdocs/crudci4/system/View/View.php(228): CodeIgniter\Exceptions\FrameworkException::forInvalidFile('App\\Views\\Pager...')
#1 /opt/lampp/htdocs/crudci4/system/Pager/Pager.php(186): CodeIgniter\View\View->render('App\\Views\\Pager...')
#2 /opt/lampp/htdocs/crudci4/system/Pager/Pager.php(121): CodeIgniter\Pager\Pager->displayLinks('bootstrap', 'pager-bs')
#3 /opt/lampp/htdocs/crudci4/app/Views/index.php(48): CodeIgniter\Pager\Pager->links('bootstrap', 'pager-bs')
#4 /opt/lampp/htdocs/crudci4/system/View/View.php(246): include('/opt/lampp/htdo...')
#5 /opt/lampp/htdocs/crudci4/system/Common.php(1087): CodeIgniter\View\View->render('index', Array, true)
#6 /opt/lampp/htdocs/crudci4/app/Controllers/Crudprint.php(24): view('index', Array)
#7 /opt/lampp/htdocs/crudci4/system/CodeIgniter.php(914): App\Controllers\Crudprint->index()
#8 /opt/lampp/htdocs/crudci4/system/CodeIgniter.php(400): CodeIgniter\CodeIgniter->runController(Object(App\Controllers\Crudprint))
#9 /opt/lampp/htdocs/crudci4/system/CodeIgniter.php(308): CodeIgniter\CodeIgniter->handleRequest(NULL, Object(Config\Cache), false)
#10 /opt/lampp/htdocs/crudci4/public/index.php(45): CodeIgniter\CodeIgniter->run()
#11 /opt/lampp/htdocs/crudci4/system/Commands/Server/rewrite.php(34): require_once('/opt/lampp/htdo...')
#12 {main}
CRITICAL - 2020-05-05 06:22:47 --> Invalid file: {0}
#0 /opt/lampp/htdocs/crudci4/system/View/View.php(228): CodeIgniter\Exceptions\FrameworkException::forInvalidFile('App\\Views\\Pager...')
#1 /opt/lampp/htdocs/crudci4/system/Pager/Pager.php(186): CodeIgniter\View\View->render('App\\Views\\Pager...')
#2 /opt/lampp/htdocs/crudci4/system/Pager/Pager.php(121): CodeIgniter\Pager\Pager->displayLinks('bootstrap', 'pager-bs')
#3 /opt/lampp/htdocs/crudci4/app/Views/index.php(48): CodeIgniter\Pager\Pager->links('bootstrap', 'pager-bs')
#4 /opt/lampp/htdocs/crudci4/system/View/View.php(246): include('/opt/lampp/htdo...')
#5 /opt/lampp/htdocs/crudci4/system/Common.php(1087): CodeIgniter\View\View->render('index', Array, true)
#6 /opt/lampp/htdocs/crudci4/app/Controllers/Crudprint.php(24): view('index', Array)
#7 /opt/lampp/htdocs/crudci4/system/CodeIgniter.php(914): App\Controllers\Crudprint->index()
#8 /opt/lampp/htdocs/crudci4/system/CodeIgniter.php(400): CodeIgniter\CodeIgniter->runController(Object(App\Controllers\Crudprint))
#9 /opt/lampp/htdocs/crudci4/system/CodeIgniter.php(308): CodeIgniter\CodeIgniter->handleRequest(NULL, Object(Config\Cache), false)
#10 /opt/lampp/htdocs/crudci4/public/index.php(45): CodeIgniter\CodeIgniter->run()
#11 /opt/lampp/htdocs/crudci4/system/Commands/Server/rewrite.php(34): require_once('/opt/lampp/htdo...')
#12 {main}
CRITICAL - 2020-05-05 06:23:39 --> {0} is not a valid Pager template.
#0 /opt/lampp/htdocs/crudci4/system/Pager/Pager.php(182): CodeIgniter\Pager\Exceptions\PagerException::forInvalidTemplate('pager-bs')
#1 /opt/lampp/htdocs/crudci4/system/Pager/Pager.php(121): CodeIgniter\Pager\Pager->displayLinks('bootstrap', 'pager-bs')
#2 /opt/lampp/htdocs/crudci4/app/Views/index.php(48): CodeIgniter\Pager\Pager->links('bootstrap', 'pager-bs')
#3 /opt/lampp/htdocs/crudci4/system/View/View.php(246): include('/opt/lampp/htdo...')
#4 /opt/lampp/htdocs/crudci4/system/Common.php(1087): CodeIgniter\View\View->render('index', Array, true)
#5 /opt/lampp/htdocs/crudci4/app/Controllers/Crudprint.php(24): view('index', Array)
#6 /opt/lampp/htdocs/crudci4/system/CodeIgniter.php(914): App\Controllers\Crudprint->index()
#7 /opt/lampp/htdocs/crudci4/system/CodeIgniter.php(400): CodeIgniter\CodeIgniter->runController(Object(App\Controllers\Crudprint))
#8 /opt/lampp/htdocs/crudci4/system/CodeIgniter.php(308): CodeIgniter\CodeIgniter->handleRequest(NULL, Object(Config\Cache), false)
#9 /opt/lampp/htdocs/crudci4/public/index.php(45): CodeIgniter\CodeIgniter->run()
#10 /opt/lampp/htdocs/crudci4/system/Commands/Server/rewrite.php(34): require_once('/opt/lampp/htdo...')
#11 {main}
