CRITICAL - 2020-05-03 00:23:33 --> unlink(/opt/lampp/htdocs/crudci4/public/assets/imageshellopapa11_1.png): No such file or directory
#0 [internal function]: CodeIgniter\Debug\Exceptions->errorHandler(2, 'unlink(/opt/lam...', '/opt/lampp/htdo...', 143, Array)
#1 /opt/lampp/htdocs/crudci4/app/Controllers/Crudprint.php(143): unlink('/opt/lampp/htdo...')
#2 /opt/lampp/htdocs/crudci4/system/CodeIgniter.php(914): App\Controllers\Crudprint->updates('20')
#3 /opt/lampp/htdocs/crudci4/system/CodeIgniter.php(400): CodeIgniter\CodeIgniter->runController(Object(App\Controllers\Crudprint))
#4 /opt/lampp/htdocs/crudci4/system/CodeIgniter.php(308): CodeIgniter\CodeIgniter->handleRequest(NULL, Object(Config\Cache), false)
#5 /opt/lampp/htdocs/crudci4/public/index.php(45): CodeIgniter\CodeIgniter->run()
#6 /opt/lampp/htdocs/crudci4/system/Commands/Server/rewrite.php(34): require_once('/opt/lampp/htdo...')
#7 {main}
CRITICAL - 2020-05-03 00:24:17 --> unlink(/opt/lampp/htdocs/crudci4/public/public/assets/imageshellopapa11_1.png): No such file or directory
#0 [internal function]: CodeIgniter\Debug\Exceptions->errorHandler(2, 'unlink(/opt/lam...', '/opt/lampp/htdo...', 143, Array)
#1 /opt/lampp/htdocs/crudci4/app/Controllers/Crudprint.php(143): unlink('/opt/lampp/htdo...')
#2 /opt/lampp/htdocs/crudci4/system/CodeIgniter.php(914): App\Controllers\Crudprint->updates('20')
#3 /opt/lampp/htdocs/crudci4/system/CodeIgniter.php(400): CodeIgniter\CodeIgniter->runController(Object(App\Controllers\Crudprint))
#4 /opt/lampp/htdocs/crudci4/system/CodeIgniter.php(308): CodeIgniter\CodeIgniter->handleRequest(NULL, Object(Config\Cache), false)
#5 /opt/lampp/htdocs/crudci4/public/index.php(45): CodeIgniter\CodeIgniter->run()
#6 /opt/lampp/htdocs/crudci4/system/Commands/Server/rewrite.php(34): require_once('/opt/lampp/htdo...')
#7 {main}
CRITICAL - 2020-05-03 00:25:27 --> unlink(/opt/lampp/htdocs/crudci4/public/assets/imageshellopapa11_1.png): No such file or directory
#0 [internal function]: CodeIgniter\Debug\Exceptions->errorHandler(2, 'unlink(/opt/lam...', '/opt/lampp/htdo...', 143, Array)
#1 /opt/lampp/htdocs/crudci4/app/Controllers/Crudprint.php(143): unlink('/opt/lampp/htdo...')
#2 /opt/lampp/htdocs/crudci4/system/CodeIgniter.php(914): App\Controllers\Crudprint->updates('20')
#3 /opt/lampp/htdocs/crudci4/system/CodeIgniter.php(400): CodeIgniter\CodeIgniter->runController(Object(App\Controllers\Crudprint))
#4 /opt/lampp/htdocs/crudci4/system/CodeIgniter.php(308): CodeIgniter\CodeIgniter->handleRequest(NULL, Object(Config\Cache), false)
#5 /opt/lampp/htdocs/crudci4/public/index.php(45): CodeIgniter\CodeIgniter->run()
#6 /opt/lampp/htdocs/crudci4/system/Commands/Server/rewrite.php(34): require_once('/opt/lampp/htdo...')
#7 {main}
CRITICAL - 2020-05-03 00:53:52 --> unlink(/opt/lampp/htdocs/crudci4/public/assets/imageschorong.jpg): No such file or directory
#0 [internal function]: CodeIgniter\Debug\Exceptions->errorHandler(2, 'unlink(/opt/lam...', '/opt/lampp/htdo...', 143, Array)
#1 /opt/lampp/htdocs/crudci4/app/Controllers/Crudprint.php(143): unlink('/opt/lampp/htdo...')
#2 /opt/lampp/htdocs/crudci4/system/CodeIgniter.php(914): App\Controllers\Crudprint->updates('0')
#3 /opt/lampp/htdocs/crudci4/system/CodeIgniter.php(400): CodeIgniter\CodeIgniter->runController(Object(App\Controllers\Crudprint))
#4 /opt/lampp/htdocs/crudci4/system/CodeIgniter.php(308): CodeIgniter\CodeIgniter->handleRequest(NULL, Object(Config\Cache), false)
#5 /opt/lampp/htdocs/crudci4/public/index.php(45): CodeIgniter\CodeIgniter->run()
#6 /opt/lampp/htdocs/crudci4/system/Commands/Server/rewrite.php(34): require_once('/opt/lampp/htdo...')
#7 {main}
CRITICAL - 2020-05-03 01:14:14 --> The original file is not a valid file.
#0 /opt/lampp/htdocs/crudci4/system/HTTP/Files/UploadedFile.php(172): CodeIgniter\HTTP\Exceptions\HTTPException::forInvalidFile()
#1 /opt/lampp/htdocs/crudci4/app/Controllers/Crudprint.php(146): CodeIgniter\HTTP\Files\UploadedFile->move('/opt/lampp/htdo...')
#2 /opt/lampp/htdocs/crudci4/system/CodeIgniter.php(914): App\Controllers\Crudprint->updates('2')
#3 /opt/lampp/htdocs/crudci4/system/CodeIgniter.php(400): CodeIgniter\CodeIgniter->runController(Object(App\Controllers\Crudprint))
#4 /opt/lampp/htdocs/crudci4/system/CodeIgniter.php(308): CodeIgniter\CodeIgniter->handleRequest(NULL, Object(Config\Cache), false)
#5 /opt/lampp/htdocs/crudci4/public/index.php(45): CodeIgniter\CodeIgniter->run()
#6 /opt/lampp/htdocs/crudci4/system/Commands/Server/rewrite.php(34): require_once('/opt/lampp/htdo...')
#7 {main}
CRITICAL - 2020-05-03 01:14:36 --> unlink(/opt/lampp/htdocs/crudci4/public/assets/images/bomi.jpg): No such file or directory
#0 [internal function]: CodeIgniter\Debug\Exceptions->errorHandler(2, 'unlink(/opt/lam...', '/opt/lampp/htdo...', 143, Array)
#1 /opt/lampp/htdocs/crudci4/app/Controllers/Crudprint.php(143): unlink('/opt/lampp/htdo...')
#2 /opt/lampp/htdocs/crudci4/system/CodeIgniter.php(914): App\Controllers\Crudprint->updates('2')
#3 /opt/lampp/htdocs/crudci4/system/CodeIgniter.php(400): CodeIgniter\CodeIgniter->runController(Object(App\Controllers\Crudprint))
#4 /opt/lampp/htdocs/crudci4/system/CodeIgniter.php(308): CodeIgniter\CodeIgniter->handleRequest(NULL, Object(Config\Cache), false)
#5 /opt/lampp/htdocs/crudci4/public/index.php(45): CodeIgniter\CodeIgniter->run()
#6 /opt/lampp/htdocs/crudci4/system/Commands/Server/rewrite.php(34): require_once('/opt/lampp/htdo...')
#7 {main}
CRITICAL - 2020-05-03 01:15:30 --> unlink(/opt/lampp/htdocs/crudci4/public/assets/images/bomi.jpg): No such file or directory
#0 [internal function]: CodeIgniter\Debug\Exceptions->errorHandler(2, 'unlink(/opt/lam...', '/opt/lampp/htdo...', 143, Array)
#1 /opt/lampp/htdocs/crudci4/app/Controllers/Crudprint.php(143): unlink('/opt/lampp/htdo...')
#2 /opt/lampp/htdocs/crudci4/system/CodeIgniter.php(914): App\Controllers\Crudprint->updates('2')
#3 /opt/lampp/htdocs/crudci4/system/CodeIgniter.php(400): CodeIgniter\CodeIgniter->runController(Object(App\Controllers\Crudprint))
#4 /opt/lampp/htdocs/crudci4/system/CodeIgniter.php(308): CodeIgniter\CodeIgniter->handleRequest(NULL, Object(Config\Cache), false)
#5 /opt/lampp/htdocs/crudci4/public/index.php(45): CodeIgniter\CodeIgniter->run()
#6 /opt/lampp/htdocs/crudci4/system/Commands/Server/rewrite.php(34): require_once('/opt/lampp/htdo...')
#7 {main}
CRITICAL - 2020-05-03 01:15:51 --> unlink(/opt/lampp/htdocs/crudci4/public/assets/images/bomi.jpg): No such file or directory
#0 [internal function]: CodeIgniter\Debug\Exceptions->errorHandler(2, 'unlink(/opt/lam...', '/opt/lampp/htdo...', 143, Array)
#1 /opt/lampp/htdocs/crudci4/app/Controllers/Crudprint.php(143): unlink('/opt/lampp/htdo...')
#2 /opt/lampp/htdocs/crudci4/system/CodeIgniter.php(914): App\Controllers\Crudprint->updates('2')
#3 /opt/lampp/htdocs/crudci4/system/CodeIgniter.php(400): CodeIgniter\CodeIgniter->runController(Object(App\Controllers\Crudprint))
#4 /opt/lampp/htdocs/crudci4/system/CodeIgniter.php(308): CodeIgniter\CodeIgniter->handleRequest(NULL, Object(Config\Cache), false)
#5 /opt/lampp/htdocs/crudci4/public/index.php(45): CodeIgniter\CodeIgniter->run()
#6 /opt/lampp/htdocs/crudci4/system/Commands/Server/rewrite.php(34): require_once('/opt/lampp/htdo...')
#7 {main}
CRITICAL - 2020-05-03 01:17:32 --> The original file is not a valid file.
#0 /opt/lampp/htdocs/crudci4/system/HTTP/Files/UploadedFile.php(172): CodeIgniter\HTTP\Exceptions\HTTPException::forInvalidFile()
#1 /opt/lampp/htdocs/crudci4/app/Controllers/Crudprint.php(146): CodeIgniter\HTTP\Files\UploadedFile->move('/opt/lampp/htdo...')
#2 /opt/lampp/htdocs/crudci4/system/CodeIgniter.php(914): App\Controllers\Crudprint->updates('1')
#3 /opt/lampp/htdocs/crudci4/system/CodeIgniter.php(400): CodeIgniter\CodeIgniter->runController(Object(App\Controllers\Crudprint))
#4 /opt/lampp/htdocs/crudci4/system/CodeIgniter.php(308): CodeIgniter\CodeIgniter->handleRequest(NULL, Object(Config\Cache), false)
#5 /opt/lampp/htdocs/crudci4/public/index.php(45): CodeIgniter\CodeIgniter->run()
#6 /opt/lampp/htdocs/crudci4/system/Commands/Server/rewrite.php(34): require_once('/opt/lampp/htdo...')
#7 {main}
CRITICAL - 2020-05-03 01:18:29 --> unlink(/opt/lampp/htdocs/crudci4/public/assets/images/chorong.jpg): No such file or directory
#0 [internal function]: CodeIgniter\Debug\Exceptions->errorHandler(2, 'unlink(/opt/lam...', '/opt/lampp/htdo...', 143, Array)
#1 /opt/lampp/htdocs/crudci4/app/Controllers/Crudprint.php(143): unlink('/opt/lampp/htdo...')
#2 /opt/lampp/htdocs/crudci4/system/CodeIgniter.php(914): App\Controllers\Crudprint->updates('1')
#3 /opt/lampp/htdocs/crudci4/system/CodeIgniter.php(400): CodeIgniter\CodeIgniter->runController(Object(App\Controllers\Crudprint))
#4 /opt/lampp/htdocs/crudci4/system/CodeIgniter.php(308): CodeIgniter\CodeIgniter->handleRequest(NULL, Object(Config\Cache), false)
#5 /opt/lampp/htdocs/crudci4/public/index.php(45): CodeIgniter\CodeIgniter->run()
#6 /opt/lampp/htdocs/crudci4/system/Commands/Server/rewrite.php(34): require_once('/opt/lampp/htdo...')
#7 {main}
CRITICAL - 2020-05-03 01:21:03 --> unlink(/opt/lampp/htdocs/crudci4/public/assets/images/chorong.jpg): No such file or directory
#0 [internal function]: CodeIgniter\Debug\Exceptions->errorHandler(2, 'unlink(/opt/lam...', '/opt/lampp/htdo...', 146, Array)
#1 /opt/lampp/htdocs/crudci4/app/Controllers/Crudprint.php(146): unlink('/opt/lampp/htdo...')
#2 /opt/lampp/htdocs/crudci4/system/CodeIgniter.php(914): App\Controllers\Crudprint->updates('1')
#3 /opt/lampp/htdocs/crudci4/system/CodeIgniter.php(400): CodeIgniter\CodeIgniter->runController(Object(App\Controllers\Crudprint))
#4 /opt/lampp/htdocs/crudci4/system/CodeIgniter.php(308): CodeIgniter\CodeIgniter->handleRequest(NULL, Object(Config\Cache), false)
#5 /opt/lampp/htdocs/crudci4/public/index.php(45): CodeIgniter\CodeIgniter->run()
#6 /opt/lampp/htdocs/crudci4/system/Commands/Server/rewrite.php(34): require_once('/opt/lampp/htdo...')
#7 {main}
CRITICAL - 2020-05-03 01:28:40 --> The original file is not a valid file.
#0 /opt/lampp/htdocs/crudci4/system/HTTP/Files/UploadedFile.php(172): CodeIgniter\HTTP\Exceptions\HTTPException::forInvalidFile()
#1 /opt/lampp/htdocs/crudci4/app/Controllers/Crudprint.php(142): CodeIgniter\HTTP\Files\UploadedFile->move('/opt/lampp/htdo...')
#2 /opt/lampp/htdocs/crudci4/system/CodeIgniter.php(914): App\Controllers\Crudprint->updates('2')
#3 /opt/lampp/htdocs/crudci4/system/CodeIgniter.php(400): CodeIgniter\CodeIgniter->runController(Object(App\Controllers\Crudprint))
#4 /opt/lampp/htdocs/crudci4/system/CodeIgniter.php(308): CodeIgniter\CodeIgniter->handleRequest(NULL, Object(Config\Cache), false)
#5 /opt/lampp/htdocs/crudci4/public/index.php(45): CodeIgniter\CodeIgniter->run()
#6 /opt/lampp/htdocs/crudci4/system/Commands/Server/rewrite.php(34): require_once('/opt/lampp/htdo...')
#7 {main}
CRITICAL - 2020-05-03 01:29:23 --> The original file is not a valid file.
#0 /opt/lampp/htdocs/crudci4/system/HTTP/Files/UploadedFile.php(172): CodeIgniter\HTTP\Exceptions\HTTPException::forInvalidFile()
#1 /opt/lampp/htdocs/crudci4/app/Controllers/Crudprint.php(142): CodeIgniter\HTTP\Files\UploadedFile->move('/opt/lampp/htdo...')
#2 /opt/lampp/htdocs/crudci4/system/CodeIgniter.php(914): App\Controllers\Crudprint->updates('3')
#3 /opt/lampp/htdocs/crudci4/system/CodeIgniter.php(400): CodeIgniter\CodeIgniter->runController(Object(App\Controllers\Crudprint))
#4 /opt/lampp/htdocs/crudci4/system/CodeIgniter.php(308): CodeIgniter\CodeIgniter->handleRequest(NULL, Object(Config\Cache), false)
#5 /opt/lampp/htdocs/crudci4/public/index.php(45): CodeIgniter\CodeIgniter->run()
#6 /opt/lampp/htdocs/crudci4/system/Commands/Server/rewrite.php(34): require_once('/opt/lampp/htdo...')
#7 {main}
CRITICAL - 2020-05-03 01:39:45 --> The original file is not a valid file.
#0 /opt/lampp/htdocs/crudci4/system/HTTP/Files/UploadedFile.php(172): CodeIgniter\HTTP\Exceptions\HTTPException::forInvalidFile()
#1 /opt/lampp/htdocs/crudci4/app/Controllers/Crudprint.php(142): CodeIgniter\HTTP\Files\UploadedFile->move('/opt/lampp/htdo...')
#2 /opt/lampp/htdocs/crudci4/system/CodeIgniter.php(914): App\Controllers\Crudprint->updates('4')
#3 /opt/lampp/htdocs/crudci4/system/CodeIgniter.php(400): CodeIgniter\CodeIgniter->runController(Object(App\Controllers\Crudprint))
#4 /opt/lampp/htdocs/crudci4/system/CodeIgniter.php(308): CodeIgniter\CodeIgniter->handleRequest(NULL, Object(Config\Cache), false)
#5 /opt/lampp/htdocs/crudci4/public/index.php(45): CodeIgniter\CodeIgniter->run()
#6 /opt/lampp/htdocs/crudci4/system/Commands/Server/rewrite.php(34): require_once('/opt/lampp/htdo...')
#7 {main}
CRITICAL - 2020-05-03 01:40:14 --> The original file is not a valid file.
#0 /opt/lampp/htdocs/crudci4/system/HTTP/Files/UploadedFile.php(172): CodeIgniter\HTTP\Exceptions\HTTPException::forInvalidFile()
#1 /opt/lampp/htdocs/crudci4/app/Controllers/Crudprint.php(142): CodeIgniter\HTTP\Files\UploadedFile->move('/opt/lampp/htdo...')
#2 /opt/lampp/htdocs/crudci4/system/CodeIgniter.php(914): App\Controllers\Crudprint->updates('4')
#3 /opt/lampp/htdocs/crudci4/system/CodeIgniter.php(400): CodeIgniter\CodeIgniter->runController(Object(App\Controllers\Crudprint))
#4 /opt/lampp/htdocs/crudci4/system/CodeIgniter.php(308): CodeIgniter\CodeIgniter->handleRequest(NULL, Object(Config\Cache), false)
#5 /opt/lampp/htdocs/crudci4/public/index.php(45): CodeIgniter\CodeIgniter->run()
#6 /opt/lampp/htdocs/crudci4/system/Commands/Server/rewrite.php(34): require_once('/opt/lampp/htdo...')
#7 {main}
