CRITICAL - 2020-04-28 08:50:52 --> No such file or directory
#0 /opt/lampp/htdocs/crudci4/system/Database/BaseConnection.php(377): CodeIgniter\Database\MySQLi\Connection->connect(false)
#1 /opt/lampp/htdocs/crudci4/system/Database/BaseConnection.php(643): CodeIgniter\Database\BaseConnection->initialize()
#2 /opt/lampp/htdocs/crudci4/system/Database/BaseBuilder.php(1845): CodeIgniter\Database\BaseConnection->query('SELECT *\nFROM `...', Array, false)
#3 /opt/lampp/htdocs/crudci4/system/Model.php(445): CodeIgniter\Database\BaseBuilder->get()
#4 /opt/lampp/htdocs/crudci4/app/Controllers/Crudprint.php(14): CodeIgniter\Model->findAll()
#5 /opt/lampp/htdocs/crudci4/system/CodeIgniter.php(914): App\Controllers\Crudprint->index()
#6 /opt/lampp/htdocs/crudci4/system/CodeIgniter.php(400): CodeIgniter\CodeIgniter->runController(Object(App\Controllers\Crudprint))
#7 /opt/lampp/htdocs/crudci4/system/CodeIgniter.php(308): CodeIgniter\CodeIgniter->handleRequest(NULL, Object(Config\Cache), false)
#8 /opt/lampp/htdocs/crudci4/public/index.php(45): CodeIgniter\CodeIgniter->run()
#9 /opt/lampp/htdocs/crudci4/system/Commands/Server/rewrite.php(34): require_once('/opt/lampp/htdo...')
#10 {main}
CRITICAL - 2020-04-28 08:51:45 --> No such file or directory
#0 /opt/lampp/htdocs/crudci4/system/Database/BaseConnection.php(377): CodeIgniter\Database\MySQLi\Connection->connect(false)
#1 /opt/lampp/htdocs/crudci4/system/Database/BaseConnection.php(643): CodeIgniter\Database\BaseConnection->initialize()
#2 /opt/lampp/htdocs/crudci4/system/Database/BaseBuilder.php(1845): CodeIgniter\Database\BaseConnection->query('SELECT *\nFROM `...', Array, false)
#3 /opt/lampp/htdocs/crudci4/system/Model.php(445): CodeIgniter\Database\BaseBuilder->get()
#4 /opt/lampp/htdocs/crudci4/app/Controllers/Crudprint.php(14): CodeIgniter\Model->findAll()
#5 /opt/lampp/htdocs/crudci4/system/CodeIgniter.php(914): App\Controllers\Crudprint->index()
#6 /opt/lampp/htdocs/crudci4/system/CodeIgniter.php(400): CodeIgniter\CodeIgniter->runController(Object(App\Controllers\Crudprint))
#7 /opt/lampp/htdocs/crudci4/system/CodeIgniter.php(308): CodeIgniter\CodeIgniter->handleRequest(NULL, Object(Config\Cache), false)
#8 /opt/lampp/htdocs/crudci4/public/index.php(45): CodeIgniter\CodeIgniter->run()
#9 /opt/lampp/htdocs/crudci4/system/Commands/Server/rewrite.php(34): require_once('/opt/lampp/htdo...')
#10 {main}
CRITICAL - 2020-04-28 08:51:48 --> No such file or directory
#0 /opt/lampp/htdocs/crudci4/system/Database/BaseConnection.php(377): CodeIgniter\Database\MySQLi\Connection->connect(false)
#1 /opt/lampp/htdocs/crudci4/system/Database/BaseConnection.php(643): CodeIgniter\Database\BaseConnection->initialize()
#2 /opt/lampp/htdocs/crudci4/system/Database/BaseBuilder.php(1845): CodeIgniter\Database\BaseConnection->query('SELECT *\nFROM `...', Array, false)
#3 /opt/lampp/htdocs/crudci4/system/Model.php(445): CodeIgniter\Database\BaseBuilder->get()
#4 /opt/lampp/htdocs/crudci4/app/Controllers/Crudprint.php(14): CodeIgniter\Model->findAll()
#5 /opt/lampp/htdocs/crudci4/system/CodeIgniter.php(914): App\Controllers\Crudprint->index()
#6 /opt/lampp/htdocs/crudci4/system/CodeIgniter.php(400): CodeIgniter\CodeIgniter->runController(Object(App\Controllers\Crudprint))
#7 /opt/lampp/htdocs/crudci4/system/CodeIgniter.php(308): CodeIgniter\CodeIgniter->handleRequest(NULL, Object(Config\Cache), false)
#8 /opt/lampp/htdocs/crudci4/public/index.php(45): CodeIgniter\CodeIgniter->run()
#9 /opt/lampp/htdocs/crudci4/system/Commands/Server/rewrite.php(34): require_once('/opt/lampp/htdo...')
#10 {main}
CRITICAL - 2020-04-28 08:52:50 --> No such file or directory
#0 /opt/lampp/htdocs/crudci4/system/Database/BaseConnection.php(377): CodeIgniter\Database\MySQLi\Connection->connect(false)
#1 /opt/lampp/htdocs/crudci4/system/Database/BaseConnection.php(643): CodeIgniter\Database\BaseConnection->initialize()
#2 /opt/lampp/htdocs/crudci4/system/Database/BaseBuilder.php(1845): CodeIgniter\Database\BaseConnection->query('SELECT *\nFROM `...', Array, false)
#3 /opt/lampp/htdocs/crudci4/system/Model.php(445): CodeIgniter\Database\BaseBuilder->get()
#4 /opt/lampp/htdocs/crudci4/app/Controllers/Crudprint.php(14): CodeIgniter\Model->findAll()
#5 /opt/lampp/htdocs/crudci4/system/CodeIgniter.php(914): App\Controllers\Crudprint->index()
#6 /opt/lampp/htdocs/crudci4/system/CodeIgniter.php(400): CodeIgniter\CodeIgniter->runController(Object(App\Controllers\Crudprint))
#7 /opt/lampp/htdocs/crudci4/system/CodeIgniter.php(308): CodeIgniter\CodeIgniter->handleRequest(NULL, Object(Config\Cache), false)
#8 /opt/lampp/htdocs/crudci4/public/index.php(45): CodeIgniter\CodeIgniter->run()
#9 /opt/lampp/htdocs/crudci4/system/Commands/Server/rewrite.php(34): require_once('/opt/lampp/htdo...')
#10 {main}
CRITICAL - 2020-04-28 08:52:52 --> No such file or directory
#0 /opt/lampp/htdocs/crudci4/system/Database/BaseConnection.php(377): CodeIgniter\Database\MySQLi\Connection->connect(false)
#1 /opt/lampp/htdocs/crudci4/system/Database/BaseConnection.php(643): CodeIgniter\Database\BaseConnection->initialize()
#2 /opt/lampp/htdocs/crudci4/system/Database/BaseBuilder.php(1845): CodeIgniter\Database\BaseConnection->query('SELECT *\nFROM `...', Array, false)
#3 /opt/lampp/htdocs/crudci4/system/Model.php(445): CodeIgniter\Database\BaseBuilder->get()
#4 /opt/lampp/htdocs/crudci4/app/Controllers/Crudprint.php(14): CodeIgniter\Model->findAll()
#5 /opt/lampp/htdocs/crudci4/system/CodeIgniter.php(914): App\Controllers\Crudprint->index()
#6 /opt/lampp/htdocs/crudci4/system/CodeIgniter.php(400): CodeIgniter\CodeIgniter->runController(Object(App\Controllers\Crudprint))
#7 /opt/lampp/htdocs/crudci4/system/CodeIgniter.php(308): CodeIgniter\CodeIgniter->handleRequest(NULL, Object(Config\Cache), false)
#8 /opt/lampp/htdocs/crudci4/public/index.php(45): CodeIgniter\CodeIgniter->run()
#9 /opt/lampp/htdocs/crudci4/system/Commands/Server/rewrite.php(34): require_once('/opt/lampp/htdo...')
#10 {main}
CRITICAL - 2020-04-28 08:52:52 --> No such file or directory
#0 /opt/lampp/htdocs/crudci4/system/Database/BaseConnection.php(377): CodeIgniter\Database\MySQLi\Connection->connect(false)
#1 /opt/lampp/htdocs/crudci4/system/Database/BaseConnection.php(643): CodeIgniter\Database\BaseConnection->initialize()
#2 /opt/lampp/htdocs/crudci4/system/Database/BaseBuilder.php(1845): CodeIgniter\Database\BaseConnection->query('SELECT *\nFROM `...', Array, false)
#3 /opt/lampp/htdocs/crudci4/system/Model.php(445): CodeIgniter\Database\BaseBuilder->get()
#4 /opt/lampp/htdocs/crudci4/app/Controllers/Crudprint.php(14): CodeIgniter\Model->findAll()
#5 /opt/lampp/htdocs/crudci4/system/CodeIgniter.php(914): App\Controllers\Crudprint->index()
#6 /opt/lampp/htdocs/crudci4/system/CodeIgniter.php(400): CodeIgniter\CodeIgniter->runController(Object(App\Controllers\Crudprint))
#7 /opt/lampp/htdocs/crudci4/system/CodeIgniter.php(308): CodeIgniter\CodeIgniter->handleRequest(NULL, Object(Config\Cache), false)
#8 /opt/lampp/htdocs/crudci4/public/index.php(45): CodeIgniter\CodeIgniter->run()
#9 /opt/lampp/htdocs/crudci4/system/Commands/Server/rewrite.php(34): require_once('/opt/lampp/htdo...')
#10 {main}
CRITICAL - 2020-04-28 08:54:08 --> No such file or directory
#0 /opt/lampp/htdocs/crudci4/system/Database/BaseConnection.php(377): CodeIgniter\Database\MySQLi\Connection->connect(false)
#1 /opt/lampp/htdocs/crudci4/system/Database/BaseConnection.php(643): CodeIgniter\Database\BaseConnection->initialize()
#2 /opt/lampp/htdocs/crudci4/system/Database/BaseBuilder.php(1845): CodeIgniter\Database\BaseConnection->query('SELECT *\nFROM `...', Array, false)
#3 /opt/lampp/htdocs/crudci4/system/Model.php(445): CodeIgniter\Database\BaseBuilder->get()
#4 /opt/lampp/htdocs/crudci4/app/Controllers/Crudprint.php(14): CodeIgniter\Model->findAll()
#5 /opt/lampp/htdocs/crudci4/system/CodeIgniter.php(914): App\Controllers\Crudprint->index()
#6 /opt/lampp/htdocs/crudci4/system/CodeIgniter.php(400): CodeIgniter\CodeIgniter->runController(Object(App\Controllers\Crudprint))
#7 /opt/lampp/htdocs/crudci4/system/CodeIgniter.php(308): CodeIgniter\CodeIgniter->handleRequest(NULL, Object(Config\Cache), false)
#8 /opt/lampp/htdocs/crudci4/public/index.php(45): CodeIgniter\CodeIgniter->run()
#9 /opt/lampp/htdocs/crudci4/system/Commands/Server/rewrite.php(34): require_once('/opt/lampp/htdo...')
#10 {main}
CRITICAL - 2020-04-28 08:54:09 --> No such file or directory
#0 /opt/lampp/htdocs/crudci4/system/Database/BaseConnection.php(377): CodeIgniter\Database\MySQLi\Connection->connect(false)
#1 /opt/lampp/htdocs/crudci4/system/Database/BaseConnection.php(643): CodeIgniter\Database\BaseConnection->initialize()
#2 /opt/lampp/htdocs/crudci4/system/Database/BaseBuilder.php(1845): CodeIgniter\Database\BaseConnection->query('SELECT *\nFROM `...', Array, false)
#3 /opt/lampp/htdocs/crudci4/system/Model.php(445): CodeIgniter\Database\BaseBuilder->get()
#4 /opt/lampp/htdocs/crudci4/app/Controllers/Crudprint.php(14): CodeIgniter\Model->findAll()
#5 /opt/lampp/htdocs/crudci4/system/CodeIgniter.php(914): App\Controllers\Crudprint->index()
#6 /opt/lampp/htdocs/crudci4/system/CodeIgniter.php(400): CodeIgniter\CodeIgniter->runController(Object(App\Controllers\Crudprint))
#7 /opt/lampp/htdocs/crudci4/system/CodeIgniter.php(308): CodeIgniter\CodeIgniter->handleRequest(NULL, Object(Config\Cache), false)
#8 /opt/lampp/htdocs/crudci4/public/index.php(45): CodeIgniter\CodeIgniter->run()
#9 /opt/lampp/htdocs/crudci4/system/Commands/Server/rewrite.php(34): require_once('/opt/lampp/htdo...')
#10 {main}
CRITICAL - 2020-04-28 08:54:09 --> No such file or directory
#0 /opt/lampp/htdocs/crudci4/system/Database/BaseConnection.php(377): CodeIgniter\Database\MySQLi\Connection->connect(false)
#1 /opt/lampp/htdocs/crudci4/system/Database/BaseConnection.php(643): CodeIgniter\Database\BaseConnection->initialize()
#2 /opt/lampp/htdocs/crudci4/system/Database/BaseBuilder.php(1845): CodeIgniter\Database\BaseConnection->query('SELECT *\nFROM `...', Array, false)
#3 /opt/lampp/htdocs/crudci4/system/Model.php(445): CodeIgniter\Database\BaseBuilder->get()
#4 /opt/lampp/htdocs/crudci4/app/Controllers/Crudprint.php(14): CodeIgniter\Model->findAll()
#5 /opt/lampp/htdocs/crudci4/system/CodeIgniter.php(914): App\Controllers\Crudprint->index()
#6 /opt/lampp/htdocs/crudci4/system/CodeIgniter.php(400): CodeIgniter\CodeIgniter->runController(Object(App\Controllers\Crudprint))
#7 /opt/lampp/htdocs/crudci4/system/CodeIgniter.php(308): CodeIgniter\CodeIgniter->handleRequest(NULL, Object(Config\Cache), false)
#8 /opt/lampp/htdocs/crudci4/public/index.php(45): CodeIgniter\CodeIgniter->run()
#9 /opt/lampp/htdocs/crudci4/system/Commands/Server/rewrite.php(34): require_once('/opt/lampp/htdo...')
#10 {main}
CRITICAL - 2020-04-28 09:13:39 --> No such file or directory
#0 /opt/lampp/htdocs/crudci4/system/Database/BaseConnection.php(377): CodeIgniter\Database\MySQLi\Connection->connect(false)
#1 /opt/lampp/htdocs/crudci4/system/Database/BaseConnection.php(643): CodeIgniter\Database\BaseConnection->initialize()
#2 /opt/lampp/htdocs/crudci4/system/Database/BaseBuilder.php(1845): CodeIgniter\Database\BaseConnection->query('SELECT *\nFROM `...', Array, false)
#3 /opt/lampp/htdocs/crudci4/system/Model.php(445): CodeIgniter\Database\BaseBuilder->get()
#4 /opt/lampp/htdocs/crudci4/app/Models/CrudprintModel.php(22): CodeIgniter\Model->findAll()
#5 /opt/lampp/htdocs/crudci4/app/Controllers/Crudprint.php(14): App\Models\CrudprintModel->getWarga()
#6 /opt/lampp/htdocs/crudci4/system/CodeIgniter.php(914): App\Controllers\Crudprint->index()
#7 /opt/lampp/htdocs/crudci4/system/CodeIgniter.php(400): CodeIgniter\CodeIgniter->runController(Object(App\Controllers\Crudprint))
#8 /opt/lampp/htdocs/crudci4/system/CodeIgniter.php(308): CodeIgniter\CodeIgniter->handleRequest(NULL, Object(Config\Cache), false)
#9 /opt/lampp/htdocs/crudci4/public/index.php(45): CodeIgniter\CodeIgniter->run()
#10 /opt/lampp/htdocs/crudci4/system/Commands/Server/rewrite.php(34): require_once('/opt/lampp/htdo...')
#11 {main}
CRITICAL - 2020-04-28 09:14:53 --> No such file or directory
#0 /opt/lampp/htdocs/crudci4/system/Database/BaseConnection.php(377): CodeIgniter\Database\MySQLi\Connection->connect(false)
#1 /opt/lampp/htdocs/crudci4/system/Database/BaseConnection.php(643): CodeIgniter\Database\BaseConnection->initialize()
#2 /opt/lampp/htdocs/crudci4/system/Database/BaseBuilder.php(1845): CodeIgniter\Database\BaseConnection->query('SELECT *\nFROM `...', Array, false)
#3 /opt/lampp/htdocs/crudci4/system/Model.php(445): CodeIgniter\Database\BaseBuilder->get()
#4 /opt/lampp/htdocs/crudci4/app/Models/CrudprintModel.php(22): CodeIgniter\Model->findAll()
#5 /opt/lampp/htdocs/crudci4/app/Controllers/Crudprint.php(14): App\Models\CrudprintModel->getWarga()
#6 /opt/lampp/htdocs/crudci4/system/CodeIgniter.php(914): App\Controllers\Crudprint->index()
#7 /opt/lampp/htdocs/crudci4/system/CodeIgniter.php(400): CodeIgniter\CodeIgniter->runController(Object(App\Controllers\Crudprint))
#8 /opt/lampp/htdocs/crudci4/system/CodeIgniter.php(308): CodeIgniter\CodeIgniter->handleRequest(NULL, Object(Config\Cache), false)
#9 /opt/lampp/htdocs/crudci4/public/index.php(45): CodeIgniter\CodeIgniter->run()
#10 /opt/lampp/htdocs/crudci4/system/Commands/Server/rewrite.php(34): require_once('/opt/lampp/htdo...')
#11 {main}
CRITICAL - 2020-04-28 09:15:26 --> No such file or directory
#0 /opt/lampp/htdocs/crudci4/system/Database/BaseConnection.php(377): CodeIgniter\Database\MySQLi\Connection->connect(false)
#1 /opt/lampp/htdocs/crudci4/system/Database/BaseConnection.php(643): CodeIgniter\Database\BaseConnection->initialize()
#2 /opt/lampp/htdocs/crudci4/system/Database/BaseBuilder.php(1845): CodeIgniter\Database\BaseConnection->query('SELECT *\nFROM `...', Array, false)
#3 /opt/lampp/htdocs/crudci4/system/Model.php(445): CodeIgniter\Database\BaseBuilder->get()
#4 /opt/lampp/htdocs/crudci4/app/Models/CrudprintModel.php(22): CodeIgniter\Model->findAll()
#5 /opt/lampp/htdocs/crudci4/app/Controllers/Crudprint.php(14): App\Models\CrudprintModel->getWarga()
#6 /opt/lampp/htdocs/crudci4/system/CodeIgniter.php(914): App\Controllers\Crudprint->index()
#7 /opt/lampp/htdocs/crudci4/system/CodeIgniter.php(400): CodeIgniter\CodeIgniter->runController(Object(App\Controllers\Crudprint))
#8 /opt/lampp/htdocs/crudci4/system/CodeIgniter.php(308): CodeIgniter\CodeIgniter->handleRequest(NULL, Object(Config\Cache), false)
#9 /opt/lampp/htdocs/crudci4/public/index.php(45): CodeIgniter\CodeIgniter->run()
#10 /opt/lampp/htdocs/crudci4/system/Commands/Server/rewrite.php(34): require_once('/opt/lampp/htdo...')
#11 {main}
CRITICAL - 2020-04-28 09:17:05 --> No such file or directory
#0 /opt/lampp/htdocs/crudci4/system/Database/BaseConnection.php(377): CodeIgniter\Database\MySQLi\Connection->connect(false)
#1 /opt/lampp/htdocs/crudci4/system/Database/BaseConnection.php(643): CodeIgniter\Database\BaseConnection->initialize()
#2 /opt/lampp/htdocs/crudci4/system/Database/BaseBuilder.php(1845): CodeIgniter\Database\BaseConnection->query('SELECT *\nFROM `...', Array, false)
#3 /opt/lampp/htdocs/crudci4/system/Model.php(445): CodeIgniter\Database\BaseBuilder->get()
#4 /opt/lampp/htdocs/crudci4/app/Models/CrudprintModel.php(22): CodeIgniter\Model->findAll()
#5 /opt/lampp/htdocs/crudci4/app/Controllers/Crudprint.php(15): App\Models\CrudprintModel->getWarga()
#6 /opt/lampp/htdocs/crudci4/system/CodeIgniter.php(914): App\Controllers\Crudprint->index()
#7 /opt/lampp/htdocs/crudci4/system/CodeIgniter.php(400): CodeIgniter\CodeIgniter->runController(Object(App\Controllers\Crudprint))
#8 /opt/lampp/htdocs/crudci4/system/CodeIgniter.php(308): CodeIgniter\CodeIgniter->handleRequest(NULL, Object(Config\Cache), false)
#9 /opt/lampp/htdocs/crudci4/public/index.php(45): CodeIgniter\CodeIgniter->run()
#10 /opt/lampp/htdocs/crudci4/system/Commands/Server/rewrite.php(34): require_once('/opt/lampp/htdo...')
#11 {main}
CRITICAL - 2020-04-28 09:17:06 --> No such file or directory
#0 /opt/lampp/htdocs/crudci4/system/Database/BaseConnection.php(377): CodeIgniter\Database\MySQLi\Connection->connect(false)
#1 /opt/lampp/htdocs/crudci4/system/Database/BaseConnection.php(643): CodeIgniter\Database\BaseConnection->initialize()
#2 /opt/lampp/htdocs/crudci4/system/Database/BaseBuilder.php(1845): CodeIgniter\Database\BaseConnection->query('SELECT *\nFROM `...', Array, false)
#3 /opt/lampp/htdocs/crudci4/system/Model.php(445): CodeIgniter\Database\BaseBuilder->get()
#4 /opt/lampp/htdocs/crudci4/app/Models/CrudprintModel.php(22): CodeIgniter\Model->findAll()
#5 /opt/lampp/htdocs/crudci4/app/Controllers/Crudprint.php(15): App\Models\CrudprintModel->getWarga()
#6 /opt/lampp/htdocs/crudci4/system/CodeIgniter.php(914): App\Controllers\Crudprint->index()
#7 /opt/lampp/htdocs/crudci4/system/CodeIgniter.php(400): CodeIgniter\CodeIgniter->runController(Object(App\Controllers\Crudprint))
#8 /opt/lampp/htdocs/crudci4/system/CodeIgniter.php(308): CodeIgniter\CodeIgniter->handleRequest(NULL, Object(Config\Cache), false)
#9 /opt/lampp/htdocs/crudci4/public/index.php(45): CodeIgniter\CodeIgniter->run()
#10 /opt/lampp/htdocs/crudci4/system/Commands/Server/rewrite.php(34): require_once('/opt/lampp/htdo...')
#11 {main}
CRITICAL - 2020-04-28 09:17:07 --> No such file or directory
#0 /opt/lampp/htdocs/crudci4/system/Database/BaseConnection.php(377): CodeIgniter\Database\MySQLi\Connection->connect(false)
#1 /opt/lampp/htdocs/crudci4/system/Database/BaseConnection.php(643): CodeIgniter\Database\BaseConnection->initialize()
#2 /opt/lampp/htdocs/crudci4/system/Database/BaseBuilder.php(1845): CodeIgniter\Database\BaseConnection->query('SELECT *\nFROM `...', Array, false)
#3 /opt/lampp/htdocs/crudci4/system/Model.php(445): CodeIgniter\Database\BaseBuilder->get()
#4 /opt/lampp/htdocs/crudci4/app/Models/CrudprintModel.php(22): CodeIgniter\Model->findAll()
#5 /opt/lampp/htdocs/crudci4/app/Controllers/Crudprint.php(15): App\Models\CrudprintModel->getWarga()
#6 /opt/lampp/htdocs/crudci4/system/CodeIgniter.php(914): App\Controllers\Crudprint->index()
#7 /opt/lampp/htdocs/crudci4/system/CodeIgniter.php(400): CodeIgniter\CodeIgniter->runController(Object(App\Controllers\Crudprint))
#8 /opt/lampp/htdocs/crudci4/system/CodeIgniter.php(308): CodeIgniter\CodeIgniter->handleRequest(NULL, Object(Config\Cache), false)
#9 /opt/lampp/htdocs/crudci4/public/index.php(45): CodeIgniter\CodeIgniter->run()
#10 /opt/lampp/htdocs/crudci4/system/Commands/Server/rewrite.php(34): require_once('/opt/lampp/htdo...')
#11 {main}
CRITICAL - 2020-04-28 09:18:41 --> No such file or directory
#0 /opt/lampp/htdocs/crudci4/system/Database/BaseConnection.php(377): CodeIgniter\Database\MySQLi\Connection->connect(false)
#1 /opt/lampp/htdocs/crudci4/system/Database/BaseConnection.php(643): CodeIgniter\Database\BaseConnection->initialize()
#2 /opt/lampp/htdocs/crudci4/system/Database/BaseBuilder.php(1845): CodeIgniter\Database\BaseConnection->query('SELECT *\nFROM `...', Array, false)
#3 /opt/lampp/htdocs/crudci4/system/Model.php(445): CodeIgniter\Database\BaseBuilder->get()
#4 /opt/lampp/htdocs/crudci4/app/Models/CrudprintModel.php(22): CodeIgniter\Model->findAll()
#5 /opt/lampp/htdocs/crudci4/app/Controllers/Crudprint.php(16): App\Models\CrudprintModel->getWarga()
#6 /opt/lampp/htdocs/crudci4/system/CodeIgniter.php(914): App\Controllers\Crudprint->index()
#7 /opt/lampp/htdocs/crudci4/system/CodeIgniter.php(400): CodeIgniter\CodeIgniter->runController(Object(App\Controllers\Crudprint))
#8 /opt/lampp/htdocs/crudci4/system/CodeIgniter.php(308): CodeIgniter\CodeIgniter->handleRequest(NULL, Object(Config\Cache), false)
#9 /opt/lampp/htdocs/crudci4/public/index.php(45): CodeIgniter\CodeIgniter->run()
#10 /opt/lampp/htdocs/crudci4/system/Commands/Server/rewrite.php(34): require_once('/opt/lampp/htdo...')
#11 {main}
CRITICAL - 2020-04-28 09:18:42 --> No such file or directory
#0 /opt/lampp/htdocs/crudci4/system/Database/BaseConnection.php(377): CodeIgniter\Database\MySQLi\Connection->connect(false)
#1 /opt/lampp/htdocs/crudci4/system/Database/BaseConnection.php(643): CodeIgniter\Database\BaseConnection->initialize()
#2 /opt/lampp/htdocs/crudci4/system/Database/BaseBuilder.php(1845): CodeIgniter\Database\BaseConnection->query('SELECT *\nFROM `...', Array, false)
#3 /opt/lampp/htdocs/crudci4/system/Model.php(445): CodeIgniter\Database\BaseBuilder->get()
#4 /opt/lampp/htdocs/crudci4/app/Models/CrudprintModel.php(22): CodeIgniter\Model->findAll()
#5 /opt/lampp/htdocs/crudci4/app/Controllers/Crudprint.php(16): App\Models\CrudprintModel->getWarga()
#6 /opt/lampp/htdocs/crudci4/system/CodeIgniter.php(914): App\Controllers\Crudprint->index()
#7 /opt/lampp/htdocs/crudci4/system/CodeIgniter.php(400): CodeIgniter\CodeIgniter->runController(Object(App\Controllers\Crudprint))
#8 /opt/lampp/htdocs/crudci4/system/CodeIgniter.php(308): CodeIgniter\CodeIgniter->handleRequest(NULL, Object(Config\Cache), false)
#9 /opt/lampp/htdocs/crudci4/public/index.php(45): CodeIgniter\CodeIgniter->run()
#10 /opt/lampp/htdocs/crudci4/system/Commands/Server/rewrite.php(34): require_once('/opt/lampp/htdo...')
#11 {main}
CRITICAL - 2020-04-28 09:18:43 --> No such file or directory
#0 /opt/lampp/htdocs/crudci4/system/Database/BaseConnection.php(377): CodeIgniter\Database\MySQLi\Connection->connect(false)
#1 /opt/lampp/htdocs/crudci4/system/Database/BaseConnection.php(643): CodeIgniter\Database\BaseConnection->initialize()
#2 /opt/lampp/htdocs/crudci4/system/Database/BaseBuilder.php(1845): CodeIgniter\Database\BaseConnection->query('SELECT *\nFROM `...', Array, false)
#3 /opt/lampp/htdocs/crudci4/system/Model.php(445): CodeIgniter\Database\BaseBuilder->get()
#4 /opt/lampp/htdocs/crudci4/app/Models/CrudprintModel.php(22): CodeIgniter\Model->findAll()
#5 /opt/lampp/htdocs/crudci4/app/Controllers/Crudprint.php(16): App\Models\CrudprintModel->getWarga()
#6 /opt/lampp/htdocs/crudci4/system/CodeIgniter.php(914): App\Controllers\Crudprint->index()
#7 /opt/lampp/htdocs/crudci4/system/CodeIgniter.php(400): CodeIgniter\CodeIgniter->runController(Object(App\Controllers\Crudprint))
#8 /opt/lampp/htdocs/crudci4/system/CodeIgniter.php(308): CodeIgniter\CodeIgniter->handleRequest(NULL, Object(Config\Cache), false)
#9 /opt/lampp/htdocs/crudci4/public/index.php(45): CodeIgniter\CodeIgniter->run()
#10 /opt/lampp/htdocs/crudci4/system/Commands/Server/rewrite.php(34): require_once('/opt/lampp/htdo...')
#11 {main}
CRITICAL - 2020-04-28 09:20:08 --> Unknown column 'warga.deleted_at' in 'where clause'
#0 /opt/lampp/htdocs/crudci4/system/Database/MySQLi/Connection.php(331): mysqli->query('SELECT *\nFROM `...')
#1 /opt/lampp/htdocs/crudci4/system/Database/BaseConnection.php(738): CodeIgniter\Database\MySQLi\Connection->execute('SELECT *\nFROM `...')
#2 /opt/lampp/htdocs/crudci4/system/Database/BaseConnection.php(666): CodeIgniter\Database\BaseConnection->simpleQuery('SELECT *\nFROM `...')
#3 /opt/lampp/htdocs/crudci4/system/Database/BaseBuilder.php(1845): CodeIgniter\Database\BaseConnection->query('SELECT *\nFROM `...', Array, false)
#4 /opt/lampp/htdocs/crudci4/system/Model.php(445): CodeIgniter\Database\BaseBuilder->get()
#5 /opt/lampp/htdocs/crudci4/app/Models/CrudprintModel.php(22): CodeIgniter\Model->findAll()
#6 /opt/lampp/htdocs/crudci4/app/Controllers/Crudprint.php(16): App\Models\CrudprintModel->getWarga()
#7 /opt/lampp/htdocs/crudci4/system/CodeIgniter.php(914): App\Controllers\Crudprint->index()
#8 /opt/lampp/htdocs/crudci4/system/CodeIgniter.php(400): CodeIgniter\CodeIgniter->runController(Object(App\Controllers\Crudprint))
#9 /opt/lampp/htdocs/crudci4/system/CodeIgniter.php(308): CodeIgniter\CodeIgniter->handleRequest(NULL, Object(Config\Cache), false)
#10 /opt/lampp/htdocs/crudci4/public/index.php(45): CodeIgniter\CodeIgniter->run()
#11 /opt/lampp/htdocs/crudci4/system/Commands/Server/rewrite.php(34): require_once('/opt/lampp/htdo...')
#12 {main}
CRITICAL - 2020-04-28 09:20:17 --> Unknown column 'warga.deleted_at' in 'where clause'
#0 /opt/lampp/htdocs/crudci4/system/Database/MySQLi/Connection.php(331): mysqli->query('SELECT *\nFROM `...')
#1 /opt/lampp/htdocs/crudci4/system/Database/BaseConnection.php(738): CodeIgniter\Database\MySQLi\Connection->execute('SELECT *\nFROM `...')
#2 /opt/lampp/htdocs/crudci4/system/Database/BaseConnection.php(666): CodeIgniter\Database\BaseConnection->simpleQuery('SELECT *\nFROM `...')
#3 /opt/lampp/htdocs/crudci4/system/Database/BaseBuilder.php(1845): CodeIgniter\Database\BaseConnection->query('SELECT *\nFROM `...', Array, false)
#4 /opt/lampp/htdocs/crudci4/system/Model.php(445): CodeIgniter\Database\BaseBuilder->get()
#5 /opt/lampp/htdocs/crudci4/app/Models/CrudprintModel.php(22): CodeIgniter\Model->findAll()
#6 /opt/lampp/htdocs/crudci4/app/Controllers/Crudprint.php(16): App\Models\CrudprintModel->getWarga()
#7 /opt/lampp/htdocs/crudci4/system/CodeIgniter.php(914): App\Controllers\Crudprint->index()
#8 /opt/lampp/htdocs/crudci4/system/CodeIgniter.php(400): CodeIgniter\CodeIgniter->runController(Object(App\Controllers\Crudprint))
#9 /opt/lampp/htdocs/crudci4/system/CodeIgniter.php(308): CodeIgniter\CodeIgniter->handleRequest(NULL, Object(Config\Cache), false)
#10 /opt/lampp/htdocs/crudci4/public/index.php(45): CodeIgniter\CodeIgniter->run()
#11 /opt/lampp/htdocs/crudci4/system/Commands/Server/rewrite.php(34): require_once('/opt/lampp/htdo...')
#12 {main}
CRITICAL - 2020-04-28 09:22:02 --> Unknown column 'warga.deleted_at' in 'where clause'
#0 /opt/lampp/htdocs/crudci4/system/Database/MySQLi/Connection.php(331): mysqli->query('SELECT *\nFROM `...')
#1 /opt/lampp/htdocs/crudci4/system/Database/BaseConnection.php(738): CodeIgniter\Database\MySQLi\Connection->execute('SELECT *\nFROM `...')
#2 /opt/lampp/htdocs/crudci4/system/Database/BaseConnection.php(666): CodeIgniter\Database\BaseConnection->simpleQuery('SELECT *\nFROM `...')
#3 /opt/lampp/htdocs/crudci4/system/Database/BaseBuilder.php(1845): CodeIgniter\Database\BaseConnection->query('SELECT *\nFROM `...', Array, false)
#4 /opt/lampp/htdocs/crudci4/system/Model.php(445): CodeIgniter\Database\BaseBuilder->get()
#5 /opt/lampp/htdocs/crudci4/app/Models/CrudprintModel.php(22): CodeIgniter\Model->findAll()
#6 /opt/lampp/htdocs/crudci4/app/Controllers/Crudprint.php(16): App\Models\CrudprintModel->getWarga()
#7 /opt/lampp/htdocs/crudci4/system/CodeIgniter.php(914): App\Controllers\Crudprint->index()
#8 /opt/lampp/htdocs/crudci4/system/CodeIgniter.php(400): CodeIgniter\CodeIgniter->runController(Object(App\Controllers\Crudprint))
#9 /opt/lampp/htdocs/crudci4/system/CodeIgniter.php(308): CodeIgniter\CodeIgniter->handleRequest(NULL, Object(Config\Cache), false)
#10 /opt/lampp/htdocs/crudci4/public/index.php(45): CodeIgniter\CodeIgniter->run()
#11 /opt/lampp/htdocs/crudci4/system/Commands/Server/rewrite.php(34): require_once('/opt/lampp/htdo...')
#12 {main}
CRITICAL - 2020-04-28 09:22:03 --> Unknown column 'warga.deleted_at' in 'where clause'
#0 /opt/lampp/htdocs/crudci4/system/Database/MySQLi/Connection.php(331): mysqli->query('SELECT *\nFROM `...')
#1 /opt/lampp/htdocs/crudci4/system/Database/BaseConnection.php(738): CodeIgniter\Database\MySQLi\Connection->execute('SELECT *\nFROM `...')
#2 /opt/lampp/htdocs/crudci4/system/Database/BaseConnection.php(666): CodeIgniter\Database\BaseConnection->simpleQuery('SELECT *\nFROM `...')
#3 /opt/lampp/htdocs/crudci4/system/Database/BaseBuilder.php(1845): CodeIgniter\Database\BaseConnection->query('SELECT *\nFROM `...', Array, false)
#4 /opt/lampp/htdocs/crudci4/system/Model.php(445): CodeIgniter\Database\BaseBuilder->get()
#5 /opt/lampp/htdocs/crudci4/app/Models/CrudprintModel.php(22): CodeIgniter\Model->findAll()
#6 /opt/lampp/htdocs/crudci4/app/Controllers/Crudprint.php(16): App\Models\CrudprintModel->getWarga()
#7 /opt/lampp/htdocs/crudci4/system/CodeIgniter.php(914): App\Controllers\Crudprint->index()
#8 /opt/lampp/htdocs/crudci4/system/CodeIgniter.php(400): CodeIgniter\CodeIgniter->runController(Object(App\Controllers\Crudprint))
#9 /opt/lampp/htdocs/crudci4/system/CodeIgniter.php(308): CodeIgniter\CodeIgniter->handleRequest(NULL, Object(Config\Cache), false)
#10 /opt/lampp/htdocs/crudci4/public/index.php(45): CodeIgniter\CodeIgniter->run()
#11 /opt/lampp/htdocs/crudci4/system/Commands/Server/rewrite.php(34): require_once('/opt/lampp/htdo...')
#12 {main}
CRITICAL - 2020-04-28 09:22:04 --> Unknown column 'warga.deleted_at' in 'where clause'
#0 /opt/lampp/htdocs/crudci4/system/Database/MySQLi/Connection.php(331): mysqli->query('SELECT *\nFROM `...')
#1 /opt/lampp/htdocs/crudci4/system/Database/BaseConnection.php(738): CodeIgniter\Database\MySQLi\Connection->execute('SELECT *\nFROM `...')
#2 /opt/lampp/htdocs/crudci4/system/Database/BaseConnection.php(666): CodeIgniter\Database\BaseConnection->simpleQuery('SELECT *\nFROM `...')
#3 /opt/lampp/htdocs/crudci4/system/Database/BaseBuilder.php(1845): CodeIgniter\Database\BaseConnection->query('SELECT *\nFROM `...', Array, false)
#4 /opt/lampp/htdocs/crudci4/system/Model.php(445): CodeIgniter\Database\BaseBuilder->get()
#5 /opt/lampp/htdocs/crudci4/app/Models/CrudprintModel.php(22): CodeIgniter\Model->findAll()
#6 /opt/lampp/htdocs/crudci4/app/Controllers/Crudprint.php(16): App\Models\CrudprintModel->getWarga()
#7 /opt/lampp/htdocs/crudci4/system/CodeIgniter.php(914): App\Controllers\Crudprint->index()
#8 /opt/lampp/htdocs/crudci4/system/CodeIgniter.php(400): CodeIgniter\CodeIgniter->runController(Object(App\Controllers\Crudprint))
#9 /opt/lampp/htdocs/crudci4/system/CodeIgniter.php(308): CodeIgniter\CodeIgniter->handleRequest(NULL, Object(Config\Cache), false)
#10 /opt/lampp/htdocs/crudci4/public/index.php(45): CodeIgniter\CodeIgniter->run()
#11 /opt/lampp/htdocs/crudci4/system/Commands/Server/rewrite.php(34): require_once('/opt/lampp/htdo...')
#12 {main}
CRITICAL - 2020-04-28 09:22:04 --> Unknown column 'warga.deleted_at' in 'where clause'
#0 /opt/lampp/htdocs/crudci4/system/Database/MySQLi/Connection.php(331): mysqli->query('SELECT *\nFROM `...')
#1 /opt/lampp/htdocs/crudci4/system/Database/BaseConnection.php(738): CodeIgniter\Database\MySQLi\Connection->execute('SELECT *\nFROM `...')
#2 /opt/lampp/htdocs/crudci4/system/Database/BaseConnection.php(666): CodeIgniter\Database\BaseConnection->simpleQuery('SELECT *\nFROM `...')
#3 /opt/lampp/htdocs/crudci4/system/Database/BaseBuilder.php(1845): CodeIgniter\Database\BaseConnection->query('SELECT *\nFROM `...', Array, false)
#4 /opt/lampp/htdocs/crudci4/system/Model.php(445): CodeIgniter\Database\BaseBuilder->get()
#5 /opt/lampp/htdocs/crudci4/app/Models/CrudprintModel.php(22): CodeIgniter\Model->findAll()
#6 /opt/lampp/htdocs/crudci4/app/Controllers/Crudprint.php(16): App\Models\CrudprintModel->getWarga()
#7 /opt/lampp/htdocs/crudci4/system/CodeIgniter.php(914): App\Controllers\Crudprint->index()
#8 /opt/lampp/htdocs/crudci4/system/CodeIgniter.php(400): CodeIgniter\CodeIgniter->runController(Object(App\Controllers\Crudprint))
#9 /opt/lampp/htdocs/crudci4/system/CodeIgniter.php(308): CodeIgniter\CodeIgniter->handleRequest(NULL, Object(Config\Cache), false)
#10 /opt/lampp/htdocs/crudci4/public/index.php(45): CodeIgniter\CodeIgniter->run()
#11 /opt/lampp/htdocs/crudci4/system/Commands/Server/rewrite.php(34): require_once('/opt/lampp/htdo...')
#12 {main}
CRITICAL - 2020-04-28 09:22:05 --> Unknown column 'warga.deleted_at' in 'where clause'
#0 /opt/lampp/htdocs/crudci4/system/Database/MySQLi/Connection.php(331): mysqli->query('SELECT *\nFROM `...')
#1 /opt/lampp/htdocs/crudci4/system/Database/BaseConnection.php(738): CodeIgniter\Database\MySQLi\Connection->execute('SELECT *\nFROM `...')
#2 /opt/lampp/htdocs/crudci4/system/Database/BaseConnection.php(666): CodeIgniter\Database\BaseConnection->simpleQuery('SELECT *\nFROM `...')
#3 /opt/lampp/htdocs/crudci4/system/Database/BaseBuilder.php(1845): CodeIgniter\Database\BaseConnection->query('SELECT *\nFROM `...', Array, false)
#4 /opt/lampp/htdocs/crudci4/system/Model.php(445): CodeIgniter\Database\BaseBuilder->get()
#5 /opt/lampp/htdocs/crudci4/app/Models/CrudprintModel.php(22): CodeIgniter\Model->findAll()
#6 /opt/lampp/htdocs/crudci4/app/Controllers/Crudprint.php(16): App\Models\CrudprintModel->getWarga()
#7 /opt/lampp/htdocs/crudci4/system/CodeIgniter.php(914): App\Controllers\Crudprint->index()
#8 /opt/lampp/htdocs/crudci4/system/CodeIgniter.php(400): CodeIgniter\CodeIgniter->runController(Object(App\Controllers\Crudprint))
#9 /opt/lampp/htdocs/crudci4/system/CodeIgniter.php(308): CodeIgniter\CodeIgniter->handleRequest(NULL, Object(Config\Cache), false)
#10 /opt/lampp/htdocs/crudci4/public/index.php(45): CodeIgniter\CodeIgniter->run()
#11 /opt/lampp/htdocs/crudci4/system/Commands/Server/rewrite.php(34): require_once('/opt/lampp/htdo...')
#12 {main}
CRITICAL - 2020-04-28 09:22:05 --> Unknown column 'warga.deleted_at' in 'where clause'
#0 /opt/lampp/htdocs/crudci4/system/Database/MySQLi/Connection.php(331): mysqli->query('SELECT *\nFROM `...')
#1 /opt/lampp/htdocs/crudci4/system/Database/BaseConnection.php(738): CodeIgniter\Database\MySQLi\Connection->execute('SELECT *\nFROM `...')
#2 /opt/lampp/htdocs/crudci4/system/Database/BaseConnection.php(666): CodeIgniter\Database\BaseConnection->simpleQuery('SELECT *\nFROM `...')
#3 /opt/lampp/htdocs/crudci4/system/Database/BaseBuilder.php(1845): CodeIgniter\Database\BaseConnection->query('SELECT *\nFROM `...', Array, false)
#4 /opt/lampp/htdocs/crudci4/system/Model.php(445): CodeIgniter\Database\BaseBuilder->get()
#5 /opt/lampp/htdocs/crudci4/app/Models/CrudprintModel.php(22): CodeIgniter\Model->findAll()
#6 /opt/lampp/htdocs/crudci4/app/Controllers/Crudprint.php(16): App\Models\CrudprintModel->getWarga()
#7 /opt/lampp/htdocs/crudci4/system/CodeIgniter.php(914): App\Controllers\Crudprint->index()
#8 /opt/lampp/htdocs/crudci4/system/CodeIgniter.php(400): CodeIgniter\CodeIgniter->runController(Object(App\Controllers\Crudprint))
#9 /opt/lampp/htdocs/crudci4/system/CodeIgniter.php(308): CodeIgniter\CodeIgniter->handleRequest(NULL, Object(Config\Cache), false)
#10 /opt/lampp/htdocs/crudci4/public/index.php(45): CodeIgniter\CodeIgniter->run()
#11 /opt/lampp/htdocs/crudci4/system/Commands/Server/rewrite.php(34): require_once('/opt/lampp/htdo...')
#12 {main}
CRITICAL - 2020-04-28 09:22:05 --> Unknown column 'warga.deleted_at' in 'where clause'
#0 /opt/lampp/htdocs/crudci4/system/Database/MySQLi/Connection.php(331): mysqli->query('SELECT *\nFROM `...')
#1 /opt/lampp/htdocs/crudci4/system/Database/BaseConnection.php(738): CodeIgniter\Database\MySQLi\Connection->execute('SELECT *\nFROM `...')
#2 /opt/lampp/htdocs/crudci4/system/Database/BaseConnection.php(666): CodeIgniter\Database\BaseConnection->simpleQuery('SELECT *\nFROM `...')
#3 /opt/lampp/htdocs/crudci4/system/Database/BaseBuilder.php(1845): CodeIgniter\Database\BaseConnection->query('SELECT *\nFROM `...', Array, false)
#4 /opt/lampp/htdocs/crudci4/system/Model.php(445): CodeIgniter\Database\BaseBuilder->get()
#5 /opt/lampp/htdocs/crudci4/app/Models/CrudprintModel.php(22): CodeIgniter\Model->findAll()
#6 /opt/lampp/htdocs/crudci4/app/Controllers/Crudprint.php(16): App\Models\CrudprintModel->getWarga()
#7 /opt/lampp/htdocs/crudci4/system/CodeIgniter.php(914): App\Controllers\Crudprint->index()
#8 /opt/lampp/htdocs/crudci4/system/CodeIgniter.php(400): CodeIgniter\CodeIgniter->runController(Object(App\Controllers\Crudprint))
#9 /opt/lampp/htdocs/crudci4/system/CodeIgniter.php(308): CodeIgniter\CodeIgniter->handleRequest(NULL, Object(Config\Cache), false)
#10 /opt/lampp/htdocs/crudci4/public/index.php(45): CodeIgniter\CodeIgniter->run()
#11 /opt/lampp/htdocs/crudci4/system/Commands/Server/rewrite.php(34): require_once('/opt/lampp/htdo...')
#12 {main}
CRITICAL - 2020-04-28 09:22:05 --> Unknown column 'warga.deleted_at' in 'where clause'
#0 /opt/lampp/htdocs/crudci4/system/Database/MySQLi/Connection.php(331): mysqli->query('SELECT *\nFROM `...')
#1 /opt/lampp/htdocs/crudci4/system/Database/BaseConnection.php(738): CodeIgniter\Database\MySQLi\Connection->execute('SELECT *\nFROM `...')
#2 /opt/lampp/htdocs/crudci4/system/Database/BaseConnection.php(666): CodeIgniter\Database\BaseConnection->simpleQuery('SELECT *\nFROM `...')
#3 /opt/lampp/htdocs/crudci4/system/Database/BaseBuilder.php(1845): CodeIgniter\Database\BaseConnection->query('SELECT *\nFROM `...', Array, false)
#4 /opt/lampp/htdocs/crudci4/system/Model.php(445): CodeIgniter\Database\BaseBuilder->get()
#5 /opt/lampp/htdocs/crudci4/app/Models/CrudprintModel.php(22): CodeIgniter\Model->findAll()
#6 /opt/lampp/htdocs/crudci4/app/Controllers/Crudprint.php(16): App\Models\CrudprintModel->getWarga()
#7 /opt/lampp/htdocs/crudci4/system/CodeIgniter.php(914): App\Controllers\Crudprint->index()
#8 /opt/lampp/htdocs/crudci4/system/CodeIgniter.php(400): CodeIgniter\CodeIgniter->runController(Object(App\Controllers\Crudprint))
#9 /opt/lampp/htdocs/crudci4/system/CodeIgniter.php(308): CodeIgniter\CodeIgniter->handleRequest(NULL, Object(Config\Cache), false)
#10 /opt/lampp/htdocs/crudci4/public/index.php(45): CodeIgniter\CodeIgniter->run()
#11 /opt/lampp/htdocs/crudci4/system/Commands/Server/rewrite.php(34): require_once('/opt/lampp/htdo...')
#12 {main}
CRITICAL - 2020-04-28 09:22:06 --> Unknown column 'warga.deleted_at' in 'where clause'
#0 /opt/lampp/htdocs/crudci4/system/Database/MySQLi/Connection.php(331): mysqli->query('SELECT *\nFROM `...')
#1 /opt/lampp/htdocs/crudci4/system/Database/BaseConnection.php(738): CodeIgniter\Database\MySQLi\Connection->execute('SELECT *\nFROM `...')
#2 /opt/lampp/htdocs/crudci4/system/Database/BaseConnection.php(666): CodeIgniter\Database\BaseConnection->simpleQuery('SELECT *\nFROM `...')
#3 /opt/lampp/htdocs/crudci4/system/Database/BaseBuilder.php(1845): CodeIgniter\Database\BaseConnection->query('SELECT *\nFROM `...', Array, false)
#4 /opt/lampp/htdocs/crudci4/system/Model.php(445): CodeIgniter\Database\BaseBuilder->get()
#5 /opt/lampp/htdocs/crudci4/app/Models/CrudprintModel.php(22): CodeIgniter\Model->findAll()
#6 /opt/lampp/htdocs/crudci4/app/Controllers/Crudprint.php(16): App\Models\CrudprintModel->getWarga()
#7 /opt/lampp/htdocs/crudci4/system/CodeIgniter.php(914): App\Controllers\Crudprint->index()
#8 /opt/lampp/htdocs/crudci4/system/CodeIgniter.php(400): CodeIgniter\CodeIgniter->runController(Object(App\Controllers\Crudprint))
#9 /opt/lampp/htdocs/crudci4/system/CodeIgniter.php(308): CodeIgniter\CodeIgniter->handleRequest(NULL, Object(Config\Cache), false)
#10 /opt/lampp/htdocs/crudci4/public/index.php(45): CodeIgniter\CodeIgniter->run()
#11 /opt/lampp/htdocs/crudci4/system/Commands/Server/rewrite.php(34): require_once('/opt/lampp/htdo...')
#12 {main}
CRITICAL - 2020-04-28 09:24:01 --> Unknown column 'warga.deleted_at' in 'where clause'
#0 /opt/lampp/htdocs/crudci4/system/Database/MySQLi/Connection.php(331): mysqli->query('SELECT *\nFROM `...')
#1 /opt/lampp/htdocs/crudci4/system/Database/BaseConnection.php(738): CodeIgniter\Database\MySQLi\Connection->execute('SELECT *\nFROM `...')
#2 /opt/lampp/htdocs/crudci4/system/Database/BaseConnection.php(666): CodeIgniter\Database\BaseConnection->simpleQuery('SELECT *\nFROM `...')
#3 /opt/lampp/htdocs/crudci4/system/Database/BaseBuilder.php(1845): CodeIgniter\Database\BaseConnection->query('SELECT *\nFROM `...', Array, false)
#4 /opt/lampp/htdocs/crudci4/system/Model.php(445): CodeIgniter\Database\BaseBuilder->get()
#5 /opt/lampp/htdocs/crudci4/app/Models/CrudprintModel.php(22): CodeIgniter\Model->findAll()
#6 /opt/lampp/htdocs/crudci4/app/Controllers/Crudprint.php(16): App\Models\CrudprintModel->getWarga()
#7 /opt/lampp/htdocs/crudci4/system/CodeIgniter.php(914): App\Controllers\Crudprint->index()
#8 /opt/lampp/htdocs/crudci4/system/CodeIgniter.php(400): CodeIgniter\CodeIgniter->runController(Object(App\Controllers\Crudprint))
#9 /opt/lampp/htdocs/crudci4/system/CodeIgniter.php(308): CodeIgniter\CodeIgniter->handleRequest(NULL, Object(Config\Cache), false)
#10 /opt/lampp/htdocs/crudci4/public/index.php(45): CodeIgniter\CodeIgniter->run()
#11 /opt/lampp/htdocs/crudci4/system/Commands/Server/rewrite.php(34): require_once('/opt/lampp/htdo...')
#12 {main}
CRITICAL - 2020-04-28 09:24:29 --> Trying to get property 'nama' of non-object
#0 /opt/lampp/htdocs/crudci4/app/Views/index.php(24): CodeIgniter\Debug\Exceptions->errorHandler(8, 'Trying to get p...', '/opt/lampp/htdo...', 24, Array)
#1 /opt/lampp/htdocs/crudci4/system/View/View.php(246): include('/opt/lampp/htdo...')
#2 /opt/lampp/htdocs/crudci4/system/Common.php(1087): CodeIgniter\View\View->render('index', Array, true)
#3 /opt/lampp/htdocs/crudci4/app/Controllers/Crudprint.php(24): view('index', Array)
#4 /opt/lampp/htdocs/crudci4/system/CodeIgniter.php(914): App\Controllers\Crudprint->index()
#5 /opt/lampp/htdocs/crudci4/system/CodeIgniter.php(400): CodeIgniter\CodeIgniter->runController(Object(App\Controllers\Crudprint))
#6 /opt/lampp/htdocs/crudci4/system/CodeIgniter.php(308): CodeIgniter\CodeIgniter->handleRequest(NULL, Object(Config\Cache), false)
#7 /opt/lampp/htdocs/crudci4/public/index.php(45): CodeIgniter\CodeIgniter->run()
#8 /opt/lampp/htdocs/crudci4/system/Commands/Server/rewrite.php(34): require_once('/opt/lampp/htdo...')
#9 {main}
CRITICAL - 2020-04-28 09:24:30 --> Trying to get property 'nama' of non-object
#0 /opt/lampp/htdocs/crudci4/app/Views/index.php(24): CodeIgniter\Debug\Exceptions->errorHandler(8, 'Trying to get p...', '/opt/lampp/htdo...', 24, Array)
#1 /opt/lampp/htdocs/crudci4/system/View/View.php(246): include('/opt/lampp/htdo...')
#2 /opt/lampp/htdocs/crudci4/system/Common.php(1087): CodeIgniter\View\View->render('index', Array, true)
#3 /opt/lampp/htdocs/crudci4/app/Controllers/Crudprint.php(24): view('index', Array)
#4 /opt/lampp/htdocs/crudci4/system/CodeIgniter.php(914): App\Controllers\Crudprint->index()
#5 /opt/lampp/htdocs/crudci4/system/CodeIgniter.php(400): CodeIgniter\CodeIgniter->runController(Object(App\Controllers\Crudprint))
#6 /opt/lampp/htdocs/crudci4/system/CodeIgniter.php(308): CodeIgniter\CodeIgniter->handleRequest(NULL, Object(Config\Cache), false)
#7 /opt/lampp/htdocs/crudci4/public/index.php(45): CodeIgniter\CodeIgniter->run()
#8 /opt/lampp/htdocs/crudci4/system/Commands/Server/rewrite.php(34): require_once('/opt/lampp/htdo...')
#9 {main}
CRITICAL - 2020-04-28 09:26:11 --> syntax error, unexpected '++' (T_INC), expecting ',' or ';'
#0 /opt/lampp/htdocs/crudci4/system/Common.php(1087): CodeIgniter\View\View->render('index', Array, true)
#1 /opt/lampp/htdocs/crudci4/app/Controllers/Crudprint.php(24): view('index', Array)
#2 /opt/lampp/htdocs/crudci4/system/CodeIgniter.php(914): App\Controllers\Crudprint->index()
#3 /opt/lampp/htdocs/crudci4/system/CodeIgniter.php(400): CodeIgniter\CodeIgniter->runController(Object(App\Controllers\Crudprint))
#4 /opt/lampp/htdocs/crudci4/system/CodeIgniter.php(308): CodeIgniter\CodeIgniter->handleRequest(NULL, Object(Config\Cache), false)
#5 /opt/lampp/htdocs/crudci4/public/index.php(45): CodeIgniter\CodeIgniter->run()
#6 /opt/lampp/htdocs/crudci4/system/Commands/Server/rewrite.php(34): require_once('/opt/lampp/htdo...')
#7 {main}
CRITICAL - 2020-04-28 09:26:36 --> syntax error, unexpected '?>', expecting '['
#0 /opt/lampp/htdocs/crudci4/system/Common.php(1087): CodeIgniter\View\View->render('index', Array, true)
#1 /opt/lampp/htdocs/crudci4/app/Controllers/Crudprint.php(24): view('index', Array)
#2 /opt/lampp/htdocs/crudci4/system/CodeIgniter.php(914): App\Controllers\Crudprint->index()
#3 /opt/lampp/htdocs/crudci4/system/CodeIgniter.php(400): CodeIgniter\CodeIgniter->runController(Object(App\Controllers\Crudprint))
#4 /opt/lampp/htdocs/crudci4/system/CodeIgniter.php(308): CodeIgniter\CodeIgniter->handleRequest(NULL, Object(Config\Cache), false)
#5 /opt/lampp/htdocs/crudci4/public/index.php(45): CodeIgniter\CodeIgniter->run()
#6 /opt/lampp/htdocs/crudci4/system/Commands/Server/rewrite.php(34): require_once('/opt/lampp/htdo...')
#7 {main}
CRITICAL - 2020-04-28 09:26:39 --> syntax error, unexpected '?>', expecting '['
#0 /opt/lampp/htdocs/crudci4/system/Common.php(1087): CodeIgniter\View\View->render('index', Array, true)
#1 /opt/lampp/htdocs/crudci4/app/Controllers/Crudprint.php(24): view('index', Array)
#2 /opt/lampp/htdocs/crudci4/system/CodeIgniter.php(914): App\Controllers\Crudprint->index()
#3 /opt/lampp/htdocs/crudci4/system/CodeIgniter.php(400): CodeIgniter\CodeIgniter->runController(Object(App\Controllers\Crudprint))
#4 /opt/lampp/htdocs/crudci4/system/CodeIgniter.php(308): CodeIgniter\CodeIgniter->handleRequest(NULL, Object(Config\Cache), false)
#5 /opt/lampp/htdocs/crudci4/public/index.php(45): CodeIgniter\CodeIgniter->run()
#6 /opt/lampp/htdocs/crudci4/system/Commands/Server/rewrite.php(34): require_once('/opt/lampp/htdo...')
#7 {main}
