CRITICAL - 2020-04-30 07:57:30 --> Undefined variable: validation
#0 /opt/lampp/htdocs/crudci4/app/Views/createform.php(23): CodeIgniter\Debug\Exceptions->errorHandler(8, 'Undefined varia...', '/opt/lampp/htdo...', 23, Array)
#1 /opt/lampp/htdocs/crudci4/system/View/View.php(246): include('/opt/lampp/htdo...')
#2 /opt/lampp/htdocs/crudci4/system/Common.php(1087): CodeIgniter\View\View->render('createform', Array, true)
#3 /opt/lampp/htdocs/crudci4/app/Controllers/Crudprint.php(35): view('createform')
#4 /opt/lampp/htdocs/crudci4/system/CodeIgniter.php(914): App\Controllers\Crudprint->createform()
#5 /opt/lampp/htdocs/crudci4/system/CodeIgniter.php(400): CodeIgniter\CodeIgniter->runController(Object(App\Controllers\Crudprint))
#6 /opt/lampp/htdocs/crudci4/system/CodeIgniter.php(308): CodeIgniter\CodeIgniter->handleRequest(NULL, Object(Config\Cache), false)
#7 /opt/lampp/htdocs/crudci4/public/index.php(45): CodeIgniter\CodeIgniter->run()
#8 /opt/lampp/htdocs/crudci4/system/Commands/Server/rewrite.php(34): require_once('/opt/lampp/htdo...')
#9 {main}
CRITICAL - 2020-04-30 07:58:05 --> Undefined variable: validation
#0 /opt/lampp/htdocs/crudci4/app/Views/createform.php(23): CodeIgniter\Debug\Exceptions->errorHandler(8, 'Undefined varia...', '/opt/lampp/htdo...', 23, Array)
#1 /opt/lampp/htdocs/crudci4/system/View/View.php(246): include('/opt/lampp/htdo...')
#2 /opt/lampp/htdocs/crudci4/system/Common.php(1087): CodeIgniter\View\View->render('createform', Array, true)
#3 /opt/lampp/htdocs/crudci4/app/Controllers/Crudprint.php(35): view('createform')
#4 /opt/lampp/htdocs/crudci4/system/CodeIgniter.php(914): App\Controllers\Crudprint->createform()
#5 /opt/lampp/htdocs/crudci4/system/CodeIgniter.php(400): CodeIgniter\CodeIgniter->runController(Object(App\Controllers\Crudprint))
#6 /opt/lampp/htdocs/crudci4/system/CodeIgniter.php(308): CodeIgniter\CodeIgniter->handleRequest(NULL, Object(Config\Cache), false)
#7 /opt/lampp/htdocs/crudci4/public/index.php(45): CodeIgniter\CodeIgniter->run()
#8 /opt/lampp/htdocs/crudci4/system/Commands/Server/rewrite.php(34): require_once('/opt/lampp/htdo...')
#9 {main}
CRITICAL - 2020-04-30 08:05:44 --> Undefined variable: validation
#0 /opt/lampp/htdocs/crudci4/app/Views/createform.php(38): CodeIgniter\Debug\Exceptions->errorHandler(8, 'Undefined varia...', '/opt/lampp/htdo...', 38, Array)
#1 /opt/lampp/htdocs/crudci4/system/View/View.php(246): include('/opt/lampp/htdo...')
#2 /opt/lampp/htdocs/crudci4/system/Common.php(1087): CodeIgniter\View\View->render('createform', Array, true)
#3 /opt/lampp/htdocs/crudci4/app/Controllers/Crudprint.php(35): view('createform')
#4 /opt/lampp/htdocs/crudci4/system/CodeIgniter.php(914): App\Controllers\Crudprint->createform()
#5 /opt/lampp/htdocs/crudci4/system/CodeIgniter.php(400): CodeIgniter\CodeIgniter->runController(Object(App\Controllers\Crudprint))
#6 /opt/lampp/htdocs/crudci4/system/CodeIgniter.php(308): CodeIgniter\CodeIgniter->handleRequest(NULL, Object(Config\Cache), false)
#7 /opt/lampp/htdocs/crudci4/public/index.php(45): CodeIgniter\CodeIgniter->run()
#8 /opt/lampp/htdocs/crudci4/system/Commands/Server/rewrite.php(34): require_once('/opt/lampp/htdo...')
#9 {main}
CRITICAL - 2020-04-30 21:33:37 --> Object of class App\Models\CrudprintModel could not be converted to string
#0 /opt/lampp/htdocs/crudci4/app/Models/CrudprintModel.php(26): CodeIgniter\Debug\Exceptions->errorHandler(4096, 'Object of class...', '/opt/lampp/htdo...', 26, Array)
#1 /opt/lampp/htdocs/crudci4/app/Controllers/Crudprint.php(85): App\Models\CrudprintModel->getDetail('1')
#2 /opt/lampp/htdocs/crudci4/system/CodeIgniter.php(914): App\Controllers\Crudprint->datadetail('1')
#3 /opt/lampp/htdocs/crudci4/system/CodeIgniter.php(400): CodeIgniter\CodeIgniter->runController(Object(App\Controllers\Crudprint))
#4 /opt/lampp/htdocs/crudci4/system/CodeIgniter.php(308): CodeIgniter\CodeIgniter->handleRequest(NULL, Object(Config\Cache), false)
#5 /opt/lampp/htdocs/crudci4/public/index.php(45): CodeIgniter\CodeIgniter->run()
#6 /opt/lampp/htdocs/crudci4/system/Commands/Server/rewrite.php(34): require_once('/opt/lampp/htdo...')
#7 {main}
CRITICAL - 2020-04-30 21:35:06 --> Undefined variable: warga
#0 /opt/lampp/htdocs/crudci4/app/Views/datadetail.php(6): CodeIgniter\Debug\Exceptions->errorHandler(8, 'Undefined varia...', '/opt/lampp/htdo...', 6, Array)
#1 /opt/lampp/htdocs/crudci4/system/View/View.php(246): include('/opt/lampp/htdo...')
#2 /opt/lampp/htdocs/crudci4/system/Common.php(1087): CodeIgniter\View\View->render('datadetail', Array, true)
#3 /opt/lampp/htdocs/crudci4/app/Controllers/Crudprint.php(94): view('datadetail', Array)
#4 /opt/lampp/htdocs/crudci4/system/CodeIgniter.php(914): App\Controllers\Crudprint->datadetail('2')
#5 /opt/lampp/htdocs/crudci4/system/CodeIgniter.php(400): CodeIgniter\CodeIgniter->runController(Object(App\Controllers\Crudprint))
#6 /opt/lampp/htdocs/crudci4/system/CodeIgniter.php(308): CodeIgniter\CodeIgniter->handleRequest(NULL, Object(Config\Cache), false)
#7 /opt/lampp/htdocs/crudci4/public/index.php(45): CodeIgniter\CodeIgniter->run()
#8 /opt/lampp/htdocs/crudci4/system/Commands/Server/rewrite.php(34): require_once('/opt/lampp/htdo...')
#9 {main}
CRITICAL - 2020-04-30 21:39:24 --> Undefined variable: detailwarga
#0 /opt/lampp/htdocs/crudci4/app/Views/datadetail.php(6): CodeIgniter\Debug\Exceptions->errorHandler(8, 'Undefined varia...', '/opt/lampp/htdo...', 6, Array)
#1 /opt/lampp/htdocs/crudci4/system/View/View.php(246): include('/opt/lampp/htdo...')
#2 /opt/lampp/htdocs/crudci4/system/Common.php(1087): CodeIgniter\View\View->render('datadetail', Array, true)
#3 /opt/lampp/htdocs/crudci4/app/Controllers/Crudprint.php(93): view('datadetail', Array)
#4 /opt/lampp/htdocs/crudci4/system/CodeIgniter.php(914): App\Controllers\Crudprint->datadetail('2')
#5 /opt/lampp/htdocs/crudci4/system/CodeIgniter.php(400): CodeIgniter\CodeIgniter->runController(Object(App\Controllers\Crudprint))
#6 /opt/lampp/htdocs/crudci4/system/CodeIgniter.php(308): CodeIgniter\CodeIgniter->handleRequest(NULL, Object(Config\Cache), false)
#7 /opt/lampp/htdocs/crudci4/public/index.php(45): CodeIgniter\CodeIgniter->run()
#8 /opt/lampp/htdocs/crudci4/system/Commands/Server/rewrite.php(34): require_once('/opt/lampp/htdo...')
#9 {main}
CRITICAL - 2020-04-30 21:55:33 --> Undefined variable: detailwarga
#0 /opt/lampp/htdocs/crudci4/app/Views/datadetail.php(6): CodeIgniter\Debug\Exceptions->errorHandler(8, 'Undefined varia...', '/opt/lampp/htdo...', 6, Array)
#1 /opt/lampp/htdocs/crudci4/system/View/View.php(246): include('/opt/lampp/htdo...')
#2 /opt/lampp/htdocs/crudci4/system/Common.php(1087): CodeIgniter\View\View->render('datadetail', Array, true)
#3 /opt/lampp/htdocs/crudci4/app/Controllers/Crudprint.php(92): view('datadetail', Array)
#4 /opt/lampp/htdocs/crudci4/system/CodeIgniter.php(914): App\Controllers\Crudprint->datadetail('2')
#5 /opt/lampp/htdocs/crudci4/system/CodeIgniter.php(400): CodeIgniter\CodeIgniter->runController(Object(App\Controllers\Crudprint))
#6 /opt/lampp/htdocs/crudci4/system/CodeIgniter.php(308): CodeIgniter\CodeIgniter->handleRequest(NULL, Object(Config\Cache), false)
#7 /opt/lampp/htdocs/crudci4/public/index.php(45): CodeIgniter\CodeIgniter->run()
#8 /opt/lampp/htdocs/crudci4/system/Commands/Server/rewrite.php(34): require_once('/opt/lampp/htdo...')
#9 {main}
CRITICAL - 2020-04-30 21:55:42 --> Undefined variable: detailwarga
#0 /opt/lampp/htdocs/crudci4/app/Views/datadetail.php(6): CodeIgniter\Debug\Exceptions->errorHandler(8, 'Undefined varia...', '/opt/lampp/htdo...', 6, Array)
#1 /opt/lampp/htdocs/crudci4/system/View/View.php(246): include('/opt/lampp/htdo...')
#2 /opt/lampp/htdocs/crudci4/system/Common.php(1087): CodeIgniter\View\View->render('datadetail', Array, true)
#3 /opt/lampp/htdocs/crudci4/app/Controllers/Crudprint.php(92): view('datadetail', Array)
#4 /opt/lampp/htdocs/crudci4/system/CodeIgniter.php(914): App\Controllers\Crudprint->datadetail('3')
#5 /opt/lampp/htdocs/crudci4/system/CodeIgniter.php(400): CodeIgniter\CodeIgniter->runController(Object(App\Controllers\Crudprint))
#6 /opt/lampp/htdocs/crudci4/system/CodeIgniter.php(308): CodeIgniter\CodeIgniter->handleRequest(NULL, Object(Config\Cache), false)
#7 /opt/lampp/htdocs/crudci4/public/index.php(45): CodeIgniter\CodeIgniter->run()
#8 /opt/lampp/htdocs/crudci4/system/Commands/Server/rewrite.php(34): require_once('/opt/lampp/htdo...')
#9 {main}
CRITICAL - 2020-04-30 21:57:55 --> Too few arguments to function App\Controllers\Crudprint::datadetail(), 0 passed in /opt/lampp/htdocs/crudci4/system/CodeIgniter.php on line 914 and exactly 1 expected
#0 /opt/lampp/htdocs/crudci4/system/CodeIgniter.php(914): App\Controllers\Crudprint->datadetail()
#1 /opt/lampp/htdocs/crudci4/system/CodeIgniter.php(400): CodeIgniter\CodeIgniter->runController(Object(App\Controllers\Crudprint))
#2 /opt/lampp/htdocs/crudci4/system/CodeIgniter.php(308): CodeIgniter\CodeIgniter->handleRequest(NULL, Object(Config\Cache), false)
#3 /opt/lampp/htdocs/crudci4/public/index.php(45): CodeIgniter\CodeIgniter->run()
#4 /opt/lampp/htdocs/crudci4/system/Commands/Server/rewrite.php(34): require_once('/opt/lampp/htdo...')
#5 {main}
CRITICAL - 2020-04-30 21:58:15 --> Undefined variable: detailwarga
#0 /opt/lampp/htdocs/crudci4/app/Views/datadetail.php(6): CodeIgniter\Debug\Exceptions->errorHandler(8, 'Undefined varia...', '/opt/lampp/htdo...', 6, Array)
#1 /opt/lampp/htdocs/crudci4/system/View/View.php(246): include('/opt/lampp/htdo...')
#2 /opt/lampp/htdocs/crudci4/system/Common.php(1087): CodeIgniter\View\View->render('datadetail', Array, true)
#3 /opt/lampp/htdocs/crudci4/app/Controllers/Crudprint.php(94): view('datadetail', Array)
#4 /opt/lampp/htdocs/crudci4/system/CodeIgniter.php(914): App\Controllers\Crudprint->datadetail('6')
#5 /opt/lampp/htdocs/crudci4/system/CodeIgniter.php(400): CodeIgniter\CodeIgniter->runController(Object(App\Controllers\Crudprint))
#6 /opt/lampp/htdocs/crudci4/system/CodeIgniter.php(308): CodeIgniter\CodeIgniter->handleRequest(NULL, Object(Config\Cache), false)
#7 /opt/lampp/htdocs/crudci4/public/index.php(45): CodeIgniter\CodeIgniter->run()
#8 /opt/lampp/htdocs/crudci4/system/Commands/Server/rewrite.php(34): require_once('/opt/lampp/htdo...')
#9 {main}
