CRITICAL - 2020-05-09 18:20:54 --> Argument 2 passed to CodeIgniter\Database\BaseBuilder::like() must be of the type string, null given, called in /opt/lampp/htdocs/crudci4/app/Controllers/Crudprint.php on line 188
#0 /opt/lampp/htdocs/crudci4/app/Controllers/Crudprint.php(188): CodeIgniter\Database\BaseBuilder->like('nama', NULL)
#1 /opt/lampp/htdocs/crudci4/system/CodeIgniter.php(914): App\Controllers\Crudprint->caridata()
#2 /opt/lampp/htdocs/crudci4/system/CodeIgniter.php(400): CodeIgniter\CodeIgniter->runController(Object(App\Controllers\Crudprint))
#3 /opt/lampp/htdocs/crudci4/system/CodeIgniter.php(308): CodeIgniter\CodeIgniter->handleRequest(NULL, Object(Config\Cache), false)
#4 /opt/lampp/htdocs/crudci4/public/index.php(45): CodeIgniter\CodeIgniter->run()
#5 /opt/lampp/htdocs/crudci4/system/Commands/Server/rewrite.php(34): require_once('/opt/lampp/htdo...')
#6 {main}
CRITICAL - 2020-05-09 18:24:57 --> Undefined variable: caridata
#0 /opt/lampp/htdocs/crudci4/app/Controllers/Crudprint.php(183): CodeIgniter\Debug\Exceptions->errorHandler(8, 'Undefined varia...', '/opt/lampp/htdo...', 183, Array)
#1 /opt/lampp/htdocs/crudci4/system/CodeIgniter.php(914): App\Controllers\Crudprint->caridata()
#2 /opt/lampp/htdocs/crudci4/system/CodeIgniter.php(400): CodeIgniter\CodeIgniter->runController(Object(App\Controllers\Crudprint))
#3 /opt/lampp/htdocs/crudci4/system/CodeIgniter.php(308): CodeIgniter\CodeIgniter->handleRequest(NULL, Object(Config\Cache), false)
#4 /opt/lampp/htdocs/crudci4/public/index.php(45): CodeIgniter\CodeIgniter->run()
#5 /opt/lampp/htdocs/crudci4/system/Commands/Server/rewrite.php(34): require_once('/opt/lampp/htdo...')
#6 {main}
CRITICAL - 2020-05-09 18:26:31 --> Undefined variable: data
#0 /opt/lampp/htdocs/crudci4/app/Controllers/Crudprint.php(183): CodeIgniter\Debug\Exceptions->errorHandler(8, 'Undefined varia...', '/opt/lampp/htdo...', 183, Array)
#1 /opt/lampp/htdocs/crudci4/system/CodeIgniter.php(914): App\Controllers\Crudprint->caridata()
#2 /opt/lampp/htdocs/crudci4/system/CodeIgniter.php(400): CodeIgniter\CodeIgniter->runController(Object(App\Controllers\Crudprint))
#3 /opt/lampp/htdocs/crudci4/system/CodeIgniter.php(308): CodeIgniter\CodeIgniter->handleRequest(NULL, Object(Config\Cache), false)
#4 /opt/lampp/htdocs/crudci4/public/index.php(45): CodeIgniter\CodeIgniter->run()
#5 /opt/lampp/htdocs/crudci4/system/Commands/Server/rewrite.php(34): require_once('/opt/lampp/htdo...')
#6 {main}
CRITICAL - 2020-05-09 18:28:53 --> Undefined variable: caridata
#0 /opt/lampp/htdocs/crudci4/app/Controllers/Crudprint.php(186): CodeIgniter\Debug\Exceptions->errorHandler(8, 'Undefined varia...', '/opt/lampp/htdo...', 186, Array)
#1 /opt/lampp/htdocs/crudci4/system/CodeIgniter.php(914): App\Controllers\Crudprint->caridata()
#2 /opt/lampp/htdocs/crudci4/system/CodeIgniter.php(400): CodeIgniter\CodeIgniter->runController(Object(App\Controllers\Crudprint))
#3 /opt/lampp/htdocs/crudci4/system/CodeIgniter.php(308): CodeIgniter\CodeIgniter->handleRequest(NULL, Object(Config\Cache), false)
#4 /opt/lampp/htdocs/crudci4/public/index.php(45): CodeIgniter\CodeIgniter->run()
#5 /opt/lampp/htdocs/crudci4/system/Commands/Server/rewrite.php(34): require_once('/opt/lampp/htdo...')
#6 {main}
CRITICAL - 2020-05-09 18:29:38 --> Undefined variable: hasilcari
#0 /opt/lampp/htdocs/crudci4/app/Views/search.php(48): CodeIgniter\Debug\Exceptions->errorHandler(8, 'Undefined varia...', '/opt/lampp/htdo...', 48, Array)
#1 /opt/lampp/htdocs/crudci4/system/View/View.php(246): include('/opt/lampp/htdo...')
#2 /opt/lampp/htdocs/crudci4/system/Common.php(1087): CodeIgniter\View\View->render('search', Array, true)
#3 /opt/lampp/htdocs/crudci4/app/Controllers/Crudprint.php(195): view('search', Array)
#4 /opt/lampp/htdocs/crudci4/system/CodeIgniter.php(914): App\Controllers\Crudprint->caridata()
#5 /opt/lampp/htdocs/crudci4/system/CodeIgniter.php(400): CodeIgniter\CodeIgniter->runController(Object(App\Controllers\Crudprint))
#6 /opt/lampp/htdocs/crudci4/system/CodeIgniter.php(308): CodeIgniter\CodeIgniter->handleRequest(NULL, Object(Config\Cache), false)
#7 /opt/lampp/htdocs/crudci4/public/index.php(45): CodeIgniter\CodeIgniter->run()
#8 /opt/lampp/htdocs/crudci4/system/Commands/Server/rewrite.php(34): require_once('/opt/lampp/htdo...')
#9 {main}
CRITICAL - 2020-05-09 18:35:52 --> Argument 2 passed to CodeIgniter\Database\BaseBuilder::like() must be of the type string, null given, called in /opt/lampp/htdocs/crudci4/app/Controllers/Crudprint.php on line 187
#0 /opt/lampp/htdocs/crudci4/app/Controllers/Crudprint.php(187): CodeIgniter\Database\BaseBuilder->like('nama', NULL)
#1 /opt/lampp/htdocs/crudci4/system/CodeIgniter.php(914): App\Controllers\Crudprint->caridata()
#2 /opt/lampp/htdocs/crudci4/system/CodeIgniter.php(400): CodeIgniter\CodeIgniter->runController(Object(App\Controllers\Crudprint))
#3 /opt/lampp/htdocs/crudci4/system/CodeIgniter.php(308): CodeIgniter\CodeIgniter->handleRequest(NULL, Object(Config\Cache), false)
#4 /opt/lampp/htdocs/crudci4/public/index.php(45): CodeIgniter\CodeIgniter->run()
#5 /opt/lampp/htdocs/crudci4/system/Commands/Server/rewrite.php(34): require_once('/opt/lampp/htdo...')
#6 {main}
CRITICAL - 2020-05-09 18:36:01 --> Argument 2 passed to CodeIgniter\Database\BaseBuilder::like() must be of the type string, null given, called in /opt/lampp/htdocs/crudci4/app/Controllers/Crudprint.php on line 187
#0 /opt/lampp/htdocs/crudci4/app/Controllers/Crudprint.php(187): CodeIgniter\Database\BaseBuilder->like('nama', NULL)
#1 /opt/lampp/htdocs/crudci4/system/CodeIgniter.php(914): App\Controllers\Crudprint->caridata()
#2 /opt/lampp/htdocs/crudci4/system/CodeIgniter.php(400): CodeIgniter\CodeIgniter->runController(Object(App\Controllers\Crudprint))
#3 /opt/lampp/htdocs/crudci4/system/CodeIgniter.php(308): CodeIgniter\CodeIgniter->handleRequest(NULL, Object(Config\Cache), false)
#4 /opt/lampp/htdocs/crudci4/public/index.php(45): CodeIgniter\CodeIgniter->run()
#5 /opt/lampp/htdocs/crudci4/system/Commands/Server/rewrite.php(34): require_once('/opt/lampp/htdo...')
#6 {main}
CRITICAL - 2020-05-09 18:36:50 --> Argument 2 passed to CodeIgniter\Database\BaseBuilder::like() must be of the type string, null given, called in /opt/lampp/htdocs/crudci4/app/Controllers/Crudprint.php on line 187
#0 /opt/lampp/htdocs/crudci4/app/Controllers/Crudprint.php(187): CodeIgniter\Database\BaseBuilder->like('nama', NULL)
#1 /opt/lampp/htdocs/crudci4/system/CodeIgniter.php(914): App\Controllers\Crudprint->caridata()
#2 /opt/lampp/htdocs/crudci4/system/CodeIgniter.php(400): CodeIgniter\CodeIgniter->runController(Object(App\Controllers\Crudprint))
#3 /opt/lampp/htdocs/crudci4/system/CodeIgniter.php(308): CodeIgniter\CodeIgniter->handleRequest(NULL, Object(Config\Cache), false)
#4 /opt/lampp/htdocs/crudci4/public/index.php(45): CodeIgniter\CodeIgniter->run()
#5 /opt/lampp/htdocs/crudci4/system/Commands/Server/rewrite.php(34): require_once('/opt/lampp/htdo...')
#6 {main}
CRITICAL - 2020-05-09 18:36:55 --> Argument 2 passed to CodeIgniter\Database\BaseBuilder::like() must be of the type string, null given, called in /opt/lampp/htdocs/crudci4/app/Controllers/Crudprint.php on line 187
#0 /opt/lampp/htdocs/crudci4/app/Controllers/Crudprint.php(187): CodeIgniter\Database\BaseBuilder->like('nama', NULL)
#1 /opt/lampp/htdocs/crudci4/system/CodeIgniter.php(914): App\Controllers\Crudprint->caridata()
#2 /opt/lampp/htdocs/crudci4/system/CodeIgniter.php(400): CodeIgniter\CodeIgniter->runController(Object(App\Controllers\Crudprint))
#3 /opt/lampp/htdocs/crudci4/system/CodeIgniter.php(308): CodeIgniter\CodeIgniter->handleRequest(NULL, Object(Config\Cache), false)
#4 /opt/lampp/htdocs/crudci4/public/index.php(45): CodeIgniter\CodeIgniter->run()
#5 /opt/lampp/htdocs/crudci4/system/Commands/Server/rewrite.php(34): require_once('/opt/lampp/htdo...')
#6 {main}
