CRITICAL - 2020-04-29 04:25:21 --> Invalid file: {0}
#0 /opt/lampp/htdocs/crudci4/system/View/View.php(228): CodeIgniter\Exceptions\FrameworkException::forInvalidFile('create.php')
#1 /opt/lampp/htdocs/crudci4/system/Common.php(1087): CodeIgniter\View\View->render('create', Array, true)
#2 /opt/lampp/htdocs/crudci4/app/Controllers/Crudprint.php(55): view('create')
#3 /opt/lampp/htdocs/crudci4/system/CodeIgniter.php(914): App\Controllers\Crudprint->create()
#4 /opt/lampp/htdocs/crudci4/system/CodeIgniter.php(400): CodeIgniter\CodeIgniter->runController(Object(App\Controllers\Crudprint))
#5 /opt/lampp/htdocs/crudci4/system/CodeIgniter.php(308): CodeIgniter\CodeIgniter->handleRequest(NULL, Object(Config\Cache), false)
#6 /opt/lampp/htdocs/crudci4/public/index.php(45): CodeIgniter\CodeIgniter->run()
#7 /opt/lampp/htdocs/crudci4/system/Commands/Server/rewrite.php(34): require_once('/opt/lampp/htdo...')
#8 {main}
CRITICAL - 2020-04-29 04:37:44 --> Invalid file: {0}
#0 /opt/lampp/htdocs/crudci4/system/View/View.php(228): CodeIgniter\Exceptions\FrameworkException::forInvalidFile('crudprint.php')
#1 /opt/lampp/htdocs/crudci4/system/Common.php(1087): CodeIgniter\View\View->render('crudprint', Array, true)
#2 /opt/lampp/htdocs/crudci4/app/Controllers/Crudprint.php(65): view('crudprint')
#3 /opt/lampp/htdocs/crudci4/system/CodeIgniter.php(914): App\Controllers\Crudprint->create()
#4 /opt/lampp/htdocs/crudci4/system/CodeIgniter.php(400): CodeIgniter\CodeIgniter->runController(Object(App\Controllers\Crudprint))
#5 /opt/lampp/htdocs/crudci4/system/CodeIgniter.php(308): CodeIgniter\CodeIgniter->handleRequest(NULL, Object(Config\Cache), false)
#6 /opt/lampp/htdocs/crudci4/public/index.php(45): CodeIgniter\CodeIgniter->run()
#7 /opt/lampp/htdocs/crudci4/system/Commands/Server/rewrite.php(34): require_once('/opt/lampp/htdo...')
#8 {main}
CRITICAL - 2020-04-29 04:38:51 --> Invalid file: {0}
#0 /opt/lampp/htdocs/crudci4/system/View/View.php(228): CodeIgniter\Exceptions\FrameworkException::forInvalidFile('crudprint.php')
#1 /opt/lampp/htdocs/crudci4/system/Common.php(1087): CodeIgniter\View\View->render('crudprint', Array, true)
#2 /opt/lampp/htdocs/crudci4/app/Controllers/Crudprint.php(65): view('crudprint')
#3 /opt/lampp/htdocs/crudci4/system/CodeIgniter.php(914): App\Controllers\Crudprint->create()
#4 /opt/lampp/htdocs/crudci4/system/CodeIgniter.php(400): CodeIgniter\CodeIgniter->runController(Object(App\Controllers\Crudprint))
#5 /opt/lampp/htdocs/crudci4/system/CodeIgniter.php(308): CodeIgniter\CodeIgniter->handleRequest(NULL, Object(Config\Cache), false)
#6 /opt/lampp/htdocs/crudci4/public/index.php(45): CodeIgniter\CodeIgniter->run()
#7 /opt/lampp/htdocs/crudci4/system/Commands/Server/rewrite.php(34): require_once('/opt/lampp/htdo...')
#8 {main}
CRITICAL - 2020-04-29 04:39:36 --> Invalid file: {0}
#0 /opt/lampp/htdocs/crudci4/system/View/View.php(228): CodeIgniter\Exceptions\FrameworkException::forInvalidFile('crudprint.php')
#1 /opt/lampp/htdocs/crudci4/system/Common.php(1087): CodeIgniter\View\View->render('crudprint', Array, true)
#2 /opt/lampp/htdocs/crudci4/app/Controllers/Crudprint.php(65): view('crudprint')
#3 /opt/lampp/htdocs/crudci4/system/CodeIgniter.php(914): App\Controllers\Crudprint->create()
#4 /opt/lampp/htdocs/crudci4/system/CodeIgniter.php(400): CodeIgniter\CodeIgniter->runController(Object(App\Controllers\Crudprint))
#5 /opt/lampp/htdocs/crudci4/system/CodeIgniter.php(308): CodeIgniter\CodeIgniter->handleRequest(NULL, Object(Config\Cache), false)
#6 /opt/lampp/htdocs/crudci4/public/index.php(45): CodeIgniter\CodeIgniter->run()
#7 /opt/lampp/htdocs/crudci4/system/Commands/Server/rewrite.php(34): require_once('/opt/lampp/htdo...')
#8 {main}
CRITICAL - 2020-04-29 04:40:23 --> Invalid file: {0}
#0 /opt/lampp/htdocs/crudci4/system/View/View.php(228): CodeIgniter\Exceptions\FrameworkException::forInvalidFile('crudprint.php')
#1 /opt/lampp/htdocs/crudci4/system/Common.php(1087): CodeIgniter\View\View->render('crudprint', Array, true)
#2 /opt/lampp/htdocs/crudci4/app/Controllers/Crudprint.php(65): view('crudprint')
#3 /opt/lampp/htdocs/crudci4/system/CodeIgniter.php(914): App\Controllers\Crudprint->create()
#4 /opt/lampp/htdocs/crudci4/system/CodeIgniter.php(400): CodeIgniter\CodeIgniter->runController(Object(App\Controllers\Crudprint))
#5 /opt/lampp/htdocs/crudci4/system/CodeIgniter.php(308): CodeIgniter\CodeIgniter->handleRequest(NULL, Object(Config\Cache), false)
#6 /opt/lampp/htdocs/crudci4/public/index.php(45): CodeIgniter\CodeIgniter->run()
#7 /opt/lampp/htdocs/crudci4/system/Commands/Server/rewrite.php(34): require_once('/opt/lampp/htdo...')
#8 {main}
CRITICAL - 2020-04-29 04:41:13 --> Invalid file: {0}
#0 /opt/lampp/htdocs/crudci4/system/View/View.php(228): CodeIgniter\Exceptions\FrameworkException::forInvalidFile('crudprint.php')
#1 /opt/lampp/htdocs/crudci4/system/Common.php(1087): CodeIgniter\View\View->render('crudprint', Array, true)
#2 /opt/lampp/htdocs/crudci4/app/Controllers/Crudprint.php(65): view('crudprint')
#3 /opt/lampp/htdocs/crudci4/system/CodeIgniter.php(914): App\Controllers\Crudprint->create()
#4 /opt/lampp/htdocs/crudci4/system/CodeIgniter.php(400): CodeIgniter\CodeIgniter->runController(Object(App\Controllers\Crudprint))
#5 /opt/lampp/htdocs/crudci4/system/CodeIgniter.php(308): CodeIgniter\CodeIgniter->handleRequest(NULL, Object(Config\Cache), false)
#6 /opt/lampp/htdocs/crudci4/public/index.php(45): CodeIgniter\CodeIgniter->run()
#7 /opt/lampp/htdocs/crudci4/system/Commands/Server/rewrite.php(34): require_once('/opt/lampp/htdo...')
#8 {main}
